# JRE version: OpenJDK Runtime Environment (8.0_242-b01) (build 1.8.0_242-release-1644-b01)
# Java VM: OpenJDK 64-Bit Server VM (25.242-b01 mixed mode windows-amd64 compressed oops)
Heap:
 PSYoungGen      total 229888K, used 10526K [0x00000000d5580000, 0x00000000e6580000, 0x0000000100000000)
  eden space 214528K, 4% used [0x00000000d5580000,0x00000000d5fc7b80,0x00000000e2700000)
  from space 15360K, 0% used [0x00000000e4780000,0x00000000e4780000,0x00000000e5680000)
  to   space 12288K, 0% used [0x00000000e5980000,0x00000000e5980000,0x00000000e6580000)
 ParOldGen       total 83456K, used 14383K [0x0000000080000000, 0x0000000085180000, 0x00000000d5580000)
  object space 83456K, 17% used [0x0000000080000000,0x0000000080e0bef8,0x0000000085180000)
 Metaspace       used 34591K, capacity 35774K, committed 36136K, reserved 1081344K
  class space    used 4741K, capacity 5036K, committed 5160K, reserved 1048576K
GC Heap History (10 events):
Event: 3.783 GC heap before
{Heap before GC invocations=5 (full 0):
 PSYoungGen      total 132096K, used 20950K [0x00000000d5580000, 0x00000000ddb80000, 0x0000000100000000)
  eden space 126976K, 12% used [0x00000000d5580000,0x00000000d64fdb08,0x00000000dd180000)
  from space 5120K, 99% used [0x00000000dd680000,0x00000000ddb78050,0x00000000ddb80000)
  to   space 5120K, 0% used [0x00000000dd180000,0x00000000dd180000,0x00000000dd680000)
 ParOldGen       total 84992K, used 9665K [0x0000000080000000, 0x0000000085300000, 0x00000000d5580000)
  object space 84992K, 11% used [0x0000000080000000,0x0000000080970510,0x0000000085300000)
 Metaspace       used 20591K, capacity 21224K, committed 21296K, reserved 1067008K
  class space    used 2873K, capacity 3076K, committed 3120K, reserved 1048576K
Event: 3.793 GC heap after
Heap after GC invocations=5 (full 0):
 PSYoungGen      total 132096K, used 5108K [0x00000000d5580000, 0x00000000e6580000, 0x0000000100000000)
  eden space 126976K, 0% used [0x00000000d5580000,0x00000000d5580000,0x00000000dd180000)
  from space 5120K, 99% used [0x00000000dd180000,0x00000000dd67d040,0x00000000dd680000)
  to   space 12288K, 0% used [0x00000000e5980000,0x00000000e5980000,0x00000000e6580000)
 ParOldGen       total 84992K, used 10867K [0x0000000080000000, 0x0000000085300000, 0x00000000d5580000)
  object space 84992K, 12% used [0x0000000080000000,0x0000000080a9cc00,0x0000000085300000)
 Metaspace       used 20591K, capacity 21224K, committed 21296K, reserved 1067008K
  class space    used 2873K, capacity 3076K, committed 3120K, reserved 1048576K
}
Event: 3.793 GC heap before
{Heap before GC invocations=6 (full 1):
 PSYoungGen      total 132096K, used 5108K [0x00000000d5580000, 0x00000000e6580000, 0x0000000100000000)
  eden space 126976K, 0% used [0x00000000d5580000,0x00000000d5580000,0x00000000dd180000)
  from space 5120K, 99% used [0x00000000dd180000,0x00000000dd67d040,0x00000000dd680000)
  to   space 12288K, 0% used [0x00000000e5980000,0x00000000e5980000,0x00000000e6580000)
 ParOldGen       total 84992K, used 10867K [0x0000000080000000, 0x0000000085300000, 0x00000000d5580000)
  object space 84992K, 12% used [0x0000000080000000,0x0000000080a9cc00,0x0000000085300000)
 Metaspace       used 20591K, capacity 21224K, committed 21296K, reserved 1067008K
  class space    used 2873K, capacity 3076K, committed 3120K, reserved 1048576K
Event: 3.835 GC heap after
Heap after GC invocations=6 (full 1):
 PSYoungGen      total 132096K, used 0K [0x00000000d5580000, 0x00000000e6580000, 0x0000000100000000)
  eden space 126976K, 0% used [0x00000000d5580000,0x00000000d5580000,0x00000000dd180000)
  from space 5120K, 0% used [0x00000000dd180000,0x00000000dd180000,0x00000000dd680000)
  to   space 12288K, 0% used [0x00000000e5980000,0x00000000e5980000,0x00000000e6580000)
 ParOldGen       total 55296K, used 7625K [0x0000000080000000, 0x0000000083600000, 0x00000000d5580000)
  object space 55296K, 13% used [0x0000000080000000,0x00000000807727a8,0x0000000083600000)
 Metaspace       used 20591K, capacity 21224K, committed 21296K, reserved 1067008K
  class space    used 2873K, capacity 3076K, committed 3120K, reserved 1048576K
}
Event: 5.392 GC heap before
{Heap before GC invocations=7 (full 1):
 PSYoungGen      total 132096K, used 126976K [0x00000000d5580000, 0x00000000e6580000, 0x0000000100000000)
  eden space 126976K, 100% used [0x00000000d5580000,0x00000000dd180000,0x00000000dd180000)
  from space 5120K, 0% used [0x00000000dd180000,0x00000000dd180000,0x00000000dd680000)
  to   space 12288K, 0% used [0x00000000e5980000,0x00000000e5980000,0x00000000e6580000)
 ParOldGen       total 55296K, used 7625K [0x0000000080000000, 0x0000000083600000, 0x00000000d5580000)
  object space 55296K, 13% used [0x0000000080000000,0x00000000807727a8,0x0000000083600000)
 Metaspace       used 32843K, capacity 33828K, committed 33968K, reserved 1079296K
  class space    used 4448K, capacity 4718K, committed 4784K, reserved 1048576K
Event: 5.409 GC heap after
Heap after GC invocations=7 (full 1):
 PSYoungGen      total 226816K, used 12269K [0x00000000d5580000, 0x00000000e6580000, 0x0000000100000000)
  eden space 214528K, 0% used [0x00000000d5580000,0x00000000d5580000,0x00000000e2700000)
  from space 12288K, 99% used [0x00000000e5980000,0x00000000e657b478,0x00000000e6580000)
  to   space 15360K, 0% used [0x00000000e4780000,0x00000000e4780000,0x00000000e5680000)
 ParOldGen       total 55296K, used 9227K [0x0000000080000000, 0x0000000083600000, 0x00000000d5580000)
  object space 55296K, 16% used [0x0000000080000000,0x0000000080902fb0,0x0000000083600000)
 Metaspace       used 32843K, capacity 33828K, committed 33968K, reserved 1079296K
  class space    used 4448K, capacity 4718K, committed 4784K, reserved 1048576K
}
Event: 5.729 GC heap before
{Heap before GC invocations=8 (full 1):
 PSYoungGen      total 226816K, used 43120K [0x00000000d5580000, 0x00000000e6580000, 0x0000000100000000)
  eden space 214528K, 14% used [0x00000000d5580000,0x00000000d73a0c38,0x00000000e2700000)
  from space 12288K, 99% used [0x00000000e5980000,0x00000000e657b478,0x00000000e6580000)
  to   space 15360K, 0% used [0x00000000e4780000,0x00000000e4780000,0x00000000e5680000)
 ParOldGen       total 55296K, used 9227K [0x0000000080000000, 0x0000000083600000, 0x00000000d5580000)
  object space 55296K, 16% used [0x0000000080000000,0x0000000080902fb0,0x0000000083600000)
 Metaspace       used 34234K, capacity 35348K, committed 35496K, reserved 1079296K
  class space    used 4678K, capacity 4937K, committed 5032K, reserved 1048576K
Event: 5.741 GC heap after
Heap after GC invocations=8 (full 1):
 PSYoungGen      total 229888K, used 7923K [0x00000000d5580000, 0x00000000e6580000, 0x0000000100000000)
  eden space 214528K, 0% used [0x00000000d5580000,0x00000000d5580000,0x00000000e2700000)
  from space 15360K, 51% used [0x00000000e4780000,0x00000000e4f3cf40,0x00000000e5680000)
  to   space 12288K, 0% used [0x00000000e5980000,0x00000000e5980000,0x00000000e6580000)
 ParOldGen       total 55296K, used 9235K [0x0000000080000000, 0x0000000083600000, 0x00000000d5580000)
  object space 55296K, 16% used [0x0000000080000000,0x0000000080904fb0,0x0000000083600000)
 Metaspace       used 34234K, capacity 35348K, committed 35496K, reserved 1079296K
  class space    used 4678K, capacity 4937K, committed 5032K, reserved 1048576K
}
Event: 5.741 GC heap before
{Heap before GC invocations=9 (full 2):
 PSYoungGen      total 229888K, used 7923K [0x00000000d5580000, 0x00000000e6580000, 0x0000000100000000)
  eden space 214528K, 0% used [0x00000000d5580000,0x00000000d5580000,0x00000000e2700000)
  from space 15360K, 51% used [0x00000000e4780000,0x00000000e4f3cf40,0x00000000e5680000)
  to   space 12288K, 0% used [0x00000000e5980000,0x00000000e5980000,0x00000000e6580000)
 ParOldGen       total 55296K, used 9235K [0x0000000080000000, 0x0000000083600000, 0x00000000d5580000)
  object space 55296K, 16% used [0x0000000080000000,0x0000000080904fb0,0x0000000083600000)
 Metaspace       used 34234K, capacity 35348K, committed 35496K, reserved 1079296K
  class space    used 4678K, capacity 4937K, committed 5032K, reserved 1048576K
Event: 5.838 GC heap after
Heap after GC invocations=9 (full 2):
 PSYoungGen      total 229888K, used 0K [0x00000000d5580000, 0x00000000e6580000, 0x0000000100000000)
  eden space 214528K, 0% used [0x00000000d5580000,0x00000000d5580000,0x00000000e2700000)
  from space 15360K, 0% used [0x00000000e4780000,0x00000000e4780000,0x00000000e5680000)
  to   space 12288K, 0% used [0x00000000e5980000,0x00000000e5980000,0x00000000e6580000)
 ParOldGen       total 83456K, used 14383K [0x0000000080000000, 0x0000000085180000, 0x00000000d5580000)
  object space 83456K, 17% used [0x0000000080000000,0x0000000080e0bef8,0x0000000085180000)
 Metaspace       used 34234K, capacity 35348K, committed 35496K, reserved 1079296K
  class space    used 4678K, capacity 4937K, committed 5032K, reserved 1048576K
}

