# JRE version: OpenJDK Runtime Environment (8.0_242-b01) (build 1.8.0_242-release-1644-b01)
# Java VM: OpenJDK 64-Bit Server VM (25.242-b01 mixed mode windows-amd64 compressed oops)
Heap:
 PSYoungGen      total 604160K, used 38156K [0x00000000d5580000, 0x00000000ff100000, 0x0000000100000000)
  eden space 580096K, 2% used [0x00000000d5580000,0x00000000d6344408,0x00000000f8c00000)
  from space 24064K, 99% used [0x00000000faa80000,0x00000000fc1fec68,0x00000000fc200000)
  to   space 31232K, 0% used [0x00000000f8c00000,0x00000000f8c00000,0x00000000faa80000)
 ParOldGen       total 94208K, used 44392K [0x0000000080000000, 0x0000000085c00000, 0x00000000d5580000)
  object space 94208K, 47% used [0x0000000080000000,0x0000000082b5a178,0x0000000085c00000)
 Metaspace       used 75570K, capacity 78990K, committed 79256K, reserved 1118208K
  class space    used 9979K, capacity 10601K, committed 10664K, reserved 1048576K
GC Heap History (10 events):
Event: 8.508 GC heap before
{Heap before GC invocations=9 (full 2):
 PSYoungGen      total 263168K, used 8165K [0x00000000d5580000, 0x00000000f4280000, 0x0000000100000000)
  eden space 247808K, 0% used [0x00000000d5580000,0x00000000d5580000,0x00000000e4780000)
  from space 15360K, 53% used [0x00000000e4780000,0x00000000e4f79760,0x00000000e5680000)
  to   space 14336K, 0% used [0x00000000f3480000,0x00000000f3480000,0x00000000f4280000)
 ParOldGen       total 48128K, used 9220K [0x0000000080000000, 0x0000000082f00000, 0x00000000d5580000)
  object space 48128K, 19% used [0x0000000080000000,0x00000000809010c0,0x0000000082f00000)
 Metaspace       used 34346K, capacity 35460K, committed 35496K, reserved 1079296K
  class space    used 4706K, capacity 5001K, committed 5032K, reserved 1048576K
Event: 8.707 GC heap after
Heap after GC invocations=9 (full 2):
 PSYoungGen      total 263168K, used 0K [0x00000000d5580000, 0x00000000f4280000, 0x0000000100000000)
  eden space 247808K, 0% used [0x00000000d5580000,0x00000000d5580000,0x00000000e4780000)
  from space 15360K, 0% used [0x00000000e4780000,0x00000000e4780000,0x00000000e5680000)
  to   space 14336K, 0% used [0x00000000f3480000,0x00000000f3480000,0x00000000f4280000)
 ParOldGen       total 62976K, used 14562K [0x0000000080000000, 0x0000000083d80000, 0x00000000d5580000)
  object space 62976K, 23% used [0x0000000080000000,0x0000000080e38860,0x0000000083d80000)
 Metaspace       used 34346K, capacity 35460K, committed 35496K, reserved 1079296K
  class space    used 4706K, capacity 5001K, committed 5032K, reserved 1048576K
}
Event: 12.712 GC heap before
{Heap before GC invocations=10 (full 2):
 PSYoungGen      total 263168K, used 247808K [0x00000000d5580000, 0x00000000f4280000, 0x0000000100000000)
  eden space 247808K, 100% used [0x00000000d5580000,0x00000000e4780000,0x00000000e4780000)
  from space 15360K, 0% used [0x00000000e4780000,0x00000000e4780000,0x00000000e5680000)
  to   space 14336K, 0% used [0x00000000f3480000,0x00000000f3480000,0x00000000f4280000)
 ParOldGen       total 62976K, used 14562K [0x0000000080000000, 0x0000000083d80000, 0x00000000d5580000)
  object space 62976K, 23% used [0x0000000080000000,0x0000000080e38860,0x0000000083d80000)
 Metaspace       used 48761K, capacity 50598K, committed 50728K, reserved 1093632K
  class space    used 6527K, capacity 6915K, committed 6952K, reserved 1048576K
Event: 12.741 GC heap after
Heap after GC invocations=10 (full 2):
 PSYoungGen      total 435200K, used 14314K [0x00000000d5580000, 0x00000000f4280000, 0x0000000100000000)
  eden space 420864K, 0% used [0x00000000d5580000,0x00000000d5580000,0x00000000ef080000)
  from space 14336K, 99% used [0x00000000f3480000,0x00000000f427a820,0x00000000f4280000)
  to   space 19968K, 0% used [0x00000000f1b80000,0x00000000f1b80000,0x00000000f2f00000)
 ParOldGen       total 62976K, used 22959K [0x0000000080000000, 0x0000000083d80000, 0x00000000d5580000)
  object space 62976K, 36% used [0x0000000080000000,0x000000008166bd60,0x0000000083d80000)
 Metaspace       used 48761K, capacity 50598K, committed 50728K, reserved 1093632K
  class space    used 6527K, capacity 6915K, committed 6952K, reserved 1048576K
}
Event: 14.957 GC heap before
{Heap before GC invocations=11 (full 2):
 PSYoungGen      total 435200K, used 119404K [0x00000000d5580000, 0x00000000f4280000, 0x0000000100000000)
  eden space 420864K, 24% used [0x00000000d5580000,0x00000000dbc20ad0,0x00000000ef080000)
  from space 14336K, 99% used [0x00000000f3480000,0x00000000f427a820,0x00000000f4280000)
  to   space 19968K, 0% used [0x00000000f1b80000,0x00000000f1b80000,0x00000000f2f00000)
 ParOldGen       total 62976K, used 22959K [0x0000000080000000, 0x0000000083d80000, 0x00000000d5580000)
  object space 62976K, 36% used [0x0000000080000000,0x000000008166bd60,0x0000000083d80000)
 Metaspace       used 56856K, capacity 59084K, committed 59160K, reserved 1099776K
  class space    used 7744K, capacity 8215K, committed 8232K, reserved 1048576K
Event: 15.019 GC heap after
Heap after GC invocations=11 (full 2):
 PSYoungGen      total 484864K, used 19958K [0x00000000d5580000, 0x00000000fc200000, 0x0000000100000000)
  eden space 464896K, 0% used [0x00000000d5580000,0x00000000d5580000,0x00000000f1b80000)
  from space 19968K, 99% used [0x00000000f1b80000,0x00000000f2efd9d8,0x00000000f2f00000)
  to   space 24064K, 0% used [0x00000000faa80000,0x00000000faa80000,0x00000000fc200000)
 ParOldGen       total 62976K, used 25272K [0x0000000080000000, 0x0000000083d80000, 0x00000000d5580000)
  object space 62976K, 40% used [0x0000000080000000,0x00000000818ae0f8,0x0000000083d80000)
 Metaspace       used 56856K, capacity 59084K, committed 59160K, reserved 1099776K
  class space    used 7744K, capacity 8215K, committed 8232K, reserved 1048576K
}
Event: 15.019 GC heap before
{Heap before GC invocations=12 (full 3):
 PSYoungGen      total 484864K, used 19958K [0x00000000d5580000, 0x00000000fc200000, 0x0000000100000000)
  eden space 464896K, 0% used [0x00000000d5580000,0x00000000d5580000,0x00000000f1b80000)
  from space 19968K, 99% used [0x00000000f1b80000,0x00000000f2efd9d8,0x00000000f2f00000)
  to   space 24064K, 0% used [0x00000000faa80000,0x00000000faa80000,0x00000000fc200000)
 ParOldGen       total 62976K, used 25272K [0x0000000080000000, 0x0000000083d80000, 0x00000000d5580000)
  object space 62976K, 40% used [0x0000000080000000,0x00000000818ae0f8,0x0000000083d80000)
 Metaspace       used 56856K, capacity 59084K, committed 59160K, reserved 1099776K
  class space    used 7744K, capacity 8215K, committed 8232K, reserved 1048576K
Event: 15.378 GC heap after
Heap after GC invocations=12 (full 3):
 PSYoungGen      total 484864K, used 0K [0x00000000d5580000, 0x00000000fc200000, 0x0000000100000000)
  eden space 464896K, 0% used [0x00000000d5580000,0x00000000d5580000,0x00000000f1b80000)
  from space 19968K, 0% used [0x00000000f1b80000,0x00000000f1b80000,0x00000000f2f00000)
  to   space 24064K, 0% used [0x00000000faa80000,0x00000000faa80000,0x00000000fc200000)
 ParOldGen       total 94208K, used 34230K [0x0000000080000000, 0x0000000085c00000, 0x00000000d5580000)
  object space 94208K, 36% used [0x0000000080000000,0x000000008216d850,0x0000000085c00000)
 Metaspace       used 56843K, capacity 59042K, committed 59160K, reserved 1099776K
  class space    used 7740K, capacity 8208K, committed 8232K, reserved 1048576K
}
Event: 1429.297 GC heap before
{Heap before GC invocations=13 (full 3):
 PSYoungGen      total 484864K, used 464896K [0x00000000d5580000, 0x00000000fc200000, 0x0000000100000000)
  eden space 464896K, 100% used [0x00000000d5580000,0x00000000f1b80000,0x00000000f1b80000)
  from space 19968K, 0% used [0x00000000f1b80000,0x00000000f1b80000,0x00000000f2f00000)
  to   space 24064K, 0% used [0x00000000faa80000,0x00000000faa80000,0x00000000fc200000)
 ParOldGen       total 94208K, used 34230K [0x0000000080000000, 0x0000000085c00000, 0x00000000d5580000)
  object space 94208K, 36% used [0x0000000080000000,0x000000008216d850,0x0000000085c00000)
 Metaspace       used 75525K, capacity 78988K, committed 79256K, reserved 1118208K
  class space    used 9966K, capacity 10599K, committed 10664K, reserved 1048576K
Event: 1429.383 GC heap after
Heap after GC invocations=13 (full 3):
 PSYoungGen      total 604160K, used 24059K [0x00000000d5580000, 0x00000000ff100000, 0x0000000100000000)
  eden space 580096K, 0% used [0x00000000d5580000,0x00000000d5580000,0x00000000f8c00000)
  from space 24064K, 99% used [0x00000000faa80000,0x00000000fc1fec68,0x00000000fc200000)
  to   space 31232K, 0% used [0x00000000f8c00000,0x00000000f8c00000,0x00000000faa80000)
 ParOldGen       total 94208K, used 44392K [0x0000000080000000, 0x0000000085c00000, 0x00000000d5580000)
  object space 94208K, 47% used [0x0000000080000000,0x0000000082b5a178,0x0000000085c00000)
 Metaspace       used 75525K, capacity 78988K, committed 79256K, reserved 1118208K
  class space    used 9966K, capacity 10599K, committed 10664K, reserved 1048576K
}

