# JRE version: OpenJDK Runtime Environment (8.0_242-b01) (build 1.8.0_242-release-1644-b01)
# Java VM: OpenJDK 64-Bit Server VM (25.242-b01 mixed mode windows-amd64 compressed oops)
Heap:
 PSYoungGen      total 263168K, used 213780K [0x00000000d5580000, 0x00000000f0800000, 0x0000000100000000)
  eden space 247808K, 86% used [0x00000000d5580000,0x00000000e2645290,0x00000000e4780000)
  from space 15360K, 0% used [0x00000000e4780000,0x00000000e4780000,0x00000000e5680000)
  to   space 14336K, 0% used [0x00000000efa00000,0x00000000efa00000,0x00000000f0800000)
 ParOldGen       total 72192K, used 14400K [0x0000000080000000, 0x0000000084680000, 0x00000000d5580000)
  object space 72192K, 19% used [0x0000000080000000,0x0000000080e10118,0x0000000084680000)
 Metaspace       used 45677K, capacity 47506K, committed 47784K, reserved 1091584K
  class space    used 6155K, capacity 6539K, committed 6568K, reserved 1048576K
GC Heap History (10 events):
Event: 5.863 GC heap before
{Heap before GC invocations=5 (full 0):
 PSYoungGen      total 132096K, used 22441K [0x00000000d5580000, 0x00000000ddb80000, 0x0000000100000000)
  eden space 126976K, 13% used [0x00000000d5580000,0x00000000d66725a8,0x00000000dd180000)
  from space 5120K, 99% used [0x00000000dd680000,0x00000000ddb78030,0x00000000ddb80000)
  to   space 5120K, 0% used [0x00000000dd180000,0x00000000dd180000,0x00000000dd680000)
 ParOldGen       total 84992K, used 9650K [0x0000000080000000, 0x0000000085300000, 0x00000000d5580000)
  object space 84992K, 11% used [0x0000000080000000,0x000000008096c868,0x0000000085300000)
 Metaspace       used 20581K, capacity 21224K, committed 21296K, reserved 1067008K
  class space    used 2872K, capacity 3076K, committed 3120K, reserved 1048576K
Event: 5.872 GC heap after
Heap after GC invocations=5 (full 0):
 PSYoungGen      total 132096K, used 5104K [0x00000000d5580000, 0x00000000e6580000, 0x0000000100000000)
  eden space 126976K, 0% used [0x00000000d5580000,0x00000000d5580000,0x00000000dd180000)
  from space 5120K, 99% used [0x00000000dd180000,0x00000000dd67c040,0x00000000dd680000)
  to   space 12288K, 0% used [0x00000000e5980000,0x00000000e5980000,0x00000000e6580000)
 ParOldGen       total 84992K, used 10934K [0x0000000080000000, 0x0000000085300000, 0x00000000d5580000)
  object space 84992K, 12% used [0x0000000080000000,0x0000000080aad9d8,0x0000000085300000)
 Metaspace       used 20581K, capacity 21224K, committed 21296K, reserved 1067008K
  class space    used 2872K, capacity 3076K, committed 3120K, reserved 1048576K
}
Event: 5.872 GC heap before
{Heap before GC invocations=6 (full 1):
 PSYoungGen      total 132096K, used 5104K [0x00000000d5580000, 0x00000000e6580000, 0x0000000100000000)
  eden space 126976K, 0% used [0x00000000d5580000,0x00000000d5580000,0x00000000dd180000)
  from space 5120K, 99% used [0x00000000dd180000,0x00000000dd67c040,0x00000000dd680000)
  to   space 12288K, 0% used [0x00000000e5980000,0x00000000e5980000,0x00000000e6580000)
 ParOldGen       total 84992K, used 10934K [0x0000000080000000, 0x0000000085300000, 0x00000000d5580000)
  object space 84992K, 12% used [0x0000000080000000,0x0000000080aad9d8,0x0000000085300000)
 Metaspace       used 20581K, capacity 21224K, committed 21296K, reserved 1067008K
  class space    used 2872K, capacity 3076K, committed 3120K, reserved 1048576K
Event: 5.920 GC heap after
Heap after GC invocations=6 (full 1):
 PSYoungGen      total 132096K, used 0K [0x00000000d5580000, 0x00000000e6580000, 0x0000000100000000)
  eden space 126976K, 0% used [0x00000000d5580000,0x00000000d5580000,0x00000000dd180000)
  from space 5120K, 0% used [0x00000000dd180000,0x00000000dd180000,0x00000000dd680000)
  to   space 12288K, 0% used [0x00000000e5980000,0x00000000e5980000,0x00000000e6580000)
 ParOldGen       total 51712K, used 7690K [0x0000000080000000, 0x0000000083280000, 0x00000000d5580000)
  object space 51712K, 14% used [0x0000000080000000,0x0000000080782958,0x0000000083280000)
 Metaspace       used 20581K, capacity 21224K, committed 21296K, reserved 1067008K
  class space    used 2872K, capacity 3076K, committed 3120K, reserved 1048576K
}
Event: 8.499 GC heap before
{Heap before GC invocations=7 (full 1):
 PSYoungGen      total 132096K, used 126976K [0x00000000d5580000, 0x00000000e6580000, 0x0000000100000000)
  eden space 126976K, 100% used [0x00000000d5580000,0x00000000dd180000,0x00000000dd180000)
  from space 5120K, 0% used [0x00000000dd180000,0x00000000dd180000,0x00000000dd680000)
  to   space 12288K, 0% used [0x00000000e5980000,0x00000000e5980000,0x00000000e6580000)
 ParOldGen       total 51712K, used 7690K [0x0000000080000000, 0x0000000083280000, 0x00000000d5580000)
  object space 51712K, 14% used [0x0000000080000000,0x0000000080782958,0x0000000083280000)
 Metaspace       used 32860K, capacity 33826K, committed 33968K, reserved 1079296K
  class space    used 4458K, capacity 4719K, committed 4784K, reserved 1048576K
Event: 8.527 GC heap after
Heap after GC invocations=7 (full 1):
 PSYoungGen      total 242176K, used 12276K [0x00000000d5580000, 0x00000000e6580000, 0x0000000100000000)
  eden space 229888K, 0% used [0x00000000d5580000,0x00000000d5580000,0x00000000e3600000)
  from space 12288K, 99% used [0x00000000e5980000,0x00000000e657d0c0,0x00000000e6580000)
  to   space 15360K, 0% used [0x00000000e4780000,0x00000000e4780000,0x00000000e5680000)
 ParOldGen       total 51712K, used 9335K [0x0000000080000000, 0x0000000083280000, 0x00000000d5580000)
  object space 51712K, 18% used [0x0000000080000000,0x000000008091dce0,0x0000000083280000)
 Metaspace       used 32860K, capacity 33826K, committed 33968K, reserved 1079296K
  class space    used 4458K, capacity 4719K, committed 4784K, reserved 1048576K
}
Event: 9.552 GC heap before
{Heap before GC invocations=8 (full 1):
 PSYoungGen      total 242176K, used 45245K [0x00000000d5580000, 0x00000000e6580000, 0x0000000100000000)
  eden space 229888K, 14% used [0x00000000d5580000,0x00000000d75b26c0,0x00000000e3600000)
  from space 12288K, 99% used [0x00000000e5980000,0x00000000e657d0c0,0x00000000e6580000)
  to   space 15360K, 0% used [0x00000000e4780000,0x00000000e4780000,0x00000000e5680000)
 ParOldGen       total 51712K, used 9335K [0x0000000080000000, 0x0000000083280000, 0x00000000d5580000)
  object space 51712K, 18% used [0x0000000080000000,0x000000008091dce0,0x0000000083280000)
 Metaspace       used 34263K, capacity 35372K, committed 35496K, reserved 1079296K
  class space    used 4687K, capacity 4969K, committed 5032K, reserved 1048576K
Event: 9.590 GC heap after
Heap after GC invocations=8 (full 1):
 PSYoungGen      total 263168K, used 8054K [0x00000000d5580000, 0x00000000f0800000, 0x0000000100000000)
  eden space 247808K, 0% used [0x00000000d5580000,0x00000000d5580000,0x00000000e4780000)
  from space 15360K, 52% used [0x00000000e4780000,0x00000000e4f5d968,0x00000000e5680000)
  to   space 14336K, 0% used [0x00000000efa00000,0x00000000efa00000,0x00000000f0800000)
 ParOldGen       total 51712K, used 9343K [0x0000000080000000, 0x0000000083280000, 0x00000000d5580000)
  object space 51712K, 18% used [0x0000000080000000,0x000000008091fce0,0x0000000083280000)
 Metaspace       used 34263K, capacity 35372K, committed 35496K, reserved 1079296K
  class space    used 4687K, capacity 4969K, committed 5032K, reserved 1048576K
}
Event: 9.590 GC heap before
{Heap before GC invocations=9 (full 2):
 PSYoungGen      total 263168K, used 8054K [0x00000000d5580000, 0x00000000f0800000, 0x0000000100000000)
  eden space 247808K, 0% used [0x00000000d5580000,0x00000000d5580000,0x00000000e4780000)
  from space 15360K, 52% used [0x00000000e4780000,0x00000000e4f5d968,0x00000000e5680000)
  to   space 14336K, 0% used [0x00000000efa00000,0x00000000efa00000,0x00000000f0800000)
 ParOldGen       total 51712K, used 9343K [0x0000000080000000, 0x0000000083280000, 0x00000000d5580000)
  object space 51712K, 18% used [0x0000000080000000,0x000000008091fce0,0x0000000083280000)
 Metaspace       used 34263K, capacity 35372K, committed 35496K, reserved 1079296K
  class space    used 4687K, capacity 4969K, committed 5032K, reserved 1048576K
Event: 9.718 GC heap after
Heap after GC invocations=9 (full 2):
 PSYoungGen      total 263168K, used 0K [0x00000000d5580000, 0x00000000f0800000, 0x0000000100000000)
  eden space 247808K, 0% used [0x00000000d5580000,0x00000000d5580000,0x00000000e4780000)
  from space 15360K, 0% used [0x00000000e4780000,0x00000000e4780000,0x00000000e5680000)
  to   space 14336K, 0% used [0x00000000efa00000,0x00000000efa00000,0x00000000f0800000)
 ParOldGen       total 72192K, used 14400K [0x0000000080000000, 0x0000000084680000, 0x00000000d5580000)
  object space 72192K, 19% used [0x0000000080000000,0x0000000080e10118,0x0000000084680000)
 Metaspace       used 34263K, capacity 35372K, committed 35496K, reserved 1079296K
  class space    used 4687K, capacity 4969K, committed 5032K, reserved 1048576K
}

