# JRE version: OpenJDK Runtime Environment (8.0_242-b01) (build 1.8.0_242-release-1644-b01)
# Java VM: OpenJDK 64-Bit Server VM (25.242-b01 mixed mode windows-amd64 compressed oops)
Heap:
 PSYoungGen      total 448512K, used 134243K [0x00000000d5580000, 0x00000000fd580000, 0x0000000100000000)
  eden space 429056K, 31% used [0x00000000d5580000,0x00000000dd898eb8,0x00000000ef880000)
  from space 19456K, 0% used [0x00000000ef880000,0x00000000ef880000,0x00000000f0b80000)
  to   space 24064K, 25% used [0x00000000fbe00000,0x00000000fc40eba8,0x00000000fd580000)
 ParOldGen       total 66048K, used 34816K [0x0000000080000000, 0x0000000084080000, 0x00000000d5580000)
  object space 66048K, 52% used [0x0000000080000000,0x0000000082200380,0x0000000084080000)
 Metaspace       used 64660K, capacity 67306K, committed 67352K, reserved 1112064K
  class space    used 8949K, capacity 9490K, committed 9512K, reserved 1048576K
GC Heap History (10 events):
Event: 6.484 GC heap after
Heap after GC invocations=8 (full 1):
 PSYoungGen      total 263168K, used 8003K [0x00000000d5580000, 0x00000000f1980000, 0x0000000100000000)
  eden space 247808K, 0% used [0x00000000d5580000,0x00000000d5580000,0x00000000e4780000)
  from space 15360K, 52% used [0x00000000e4780000,0x00000000e4f50f50,0x00000000e5680000)
  to   space 14336K, 0% used [0x00000000f0b80000,0x00000000f0b80000,0x00000000f1980000)
 ParOldGen       total 51712K, used 9284K [0x0000000080000000, 0x0000000083280000, 0x00000000d5580000)
  object space 51712K, 17% used [0x0000000080000000,0x00000000809111c0,0x0000000083280000)
 Metaspace       used 34267K, capacity 35376K, committed 35496K, reserved 1079296K
  class space    used 4687K, capacity 4969K, committed 5032K, reserved 1048576K
}
Event: 6.484 GC heap before
{Heap before GC invocations=9 (full 2):
 PSYoungGen      total 263168K, used 8003K [0x00000000d5580000, 0x00000000f1980000, 0x0000000100000000)
  eden space 247808K, 0% used [0x00000000d5580000,0x00000000d5580000,0x00000000e4780000)
  from space 15360K, 52% used [0x00000000e4780000,0x00000000e4f50f50,0x00000000e5680000)
  to   space 14336K, 0% used [0x00000000f0b80000,0x00000000f0b80000,0x00000000f1980000)
 ParOldGen       total 51712K, used 9284K [0x0000000080000000, 0x0000000083280000, 0x00000000d5580000)
  object space 51712K, 17% used [0x0000000080000000,0x00000000809111c0,0x0000000083280000)
 Metaspace       used 34267K, capacity 35376K, committed 35496K, reserved 1079296K
  class space    used 4687K, capacity 4969K, committed 5032K, reserved 1048576K
Event: 6.580 GC heap after
Heap after GC invocations=9 (full 2):
 PSYoungGen      total 263168K, used 0K [0x00000000d5580000, 0x00000000f1980000, 0x0000000100000000)
  eden space 247808K, 0% used [0x00000000d5580000,0x00000000d5580000,0x00000000e4780000)
  from space 15360K, 0% used [0x00000000e4780000,0x00000000e4780000,0x00000000e5680000)
  to   space 14336K, 0% used [0x00000000f0b80000,0x00000000f0b80000,0x00000000f1980000)
 ParOldGen       total 66048K, used 14370K [0x0000000080000000, 0x0000000084080000, 0x00000000d5580000)
  object space 66048K, 21% used [0x0000000080000000,0x0000000080e08bf0,0x0000000084080000)
 Metaspace       used 34267K, capacity 35376K, committed 35496K, reserved 1079296K
  class space    used 4687K, capacity 4969K, committed 5032K, reserved 1048576K
}
Event: 9.375 GC heap before
{Heap before GC invocations=10 (full 2):
 PSYoungGen      total 263168K, used 247808K [0x00000000d5580000, 0x00000000f1980000, 0x0000000100000000)
  eden space 247808K, 100% used [0x00000000d5580000,0x00000000e4780000,0x00000000e4780000)
  from space 15360K, 0% used [0x00000000e4780000,0x00000000e4780000,0x00000000e5680000)
  to   space 14336K, 0% used [0x00000000f0b80000,0x00000000f0b80000,0x00000000f1980000)
 ParOldGen       total 66048K, used 14370K [0x0000000080000000, 0x0000000084080000, 0x00000000d5580000)
  object space 66048K, 21% used [0x0000000080000000,0x0000000080e08bf0,0x0000000084080000)
 Metaspace       used 48092K, capacity 49948K, committed 50216K, reserved 1093632K
  class space    used 6460K, capacity 6846K, committed 6952K, reserved 1048576K
Event: 9.394 GC heap after
Heap after GC invocations=10 (full 2):
 PSYoungGen      total 443392K, used 14335K [0x00000000d5580000, 0x00000000f1f80000, 0x0000000100000000)
  eden space 429056K, 0% used [0x00000000d5580000,0x00000000d5580000,0x00000000ef880000)
  from space 14336K, 99% used [0x00000000f0b80000,0x00000000f197ff38,0x00000000f1980000)
  to   space 19456K, 0% used [0x00000000ef880000,0x00000000ef880000,0x00000000f0b80000)
 ParOldGen       total 66048K, used 21206K [0x0000000080000000, 0x0000000084080000, 0x00000000d5580000)
  object space 66048K, 32% used [0x0000000080000000,0x00000000814b5af0,0x0000000084080000)
 Metaspace       used 48092K, capacity 49948K, committed 50216K, reserved 1093632K
  class space    used 6460K, capacity 6846K, committed 6952K, reserved 1048576K
}
Event: 11.080 GC heap before
{Heap before GC invocations=11 (full 2):
 PSYoungGen      total 443392K, used 135214K [0x00000000d5580000, 0x00000000f1f80000, 0x0000000100000000)
  eden space 429056K, 28% used [0x00000000d5580000,0x00000000dcb8b9f8,0x00000000ef880000)
  from space 14336K, 99% used [0x00000000f0b80000,0x00000000f197ff38,0x00000000f1980000)
  to   space 19456K, 0% used [0x00000000ef880000,0x00000000ef880000,0x00000000f0b80000)
 ParOldGen       total 66048K, used 21206K [0x0000000080000000, 0x0000000084080000, 0x00000000d5580000)
  object space 66048K, 32% used [0x0000000080000000,0x00000000814b5af0,0x0000000084080000)
 Metaspace       used 56872K, capacity 59092K, committed 59160K, reserved 1099776K
  class space    used 7749K, capacity 8213K, committed 8232K, reserved 1048576K
Event: 11.112 GC heap after
Heap after GC invocations=11 (full 2):
 PSYoungGen      total 448512K, used 19428K [0x00000000d5580000, 0x00000000fd580000, 0x0000000100000000)
  eden space 429056K, 0% used [0x00000000d5580000,0x00000000d5580000,0x00000000ef880000)
  from space 19456K, 99% used [0x00000000ef880000,0x00000000f0b79140,0x00000000f0b80000)
  to   space 24064K, 0% used [0x00000000fbe00000,0x00000000fbe00000,0x00000000fd580000)
 ParOldGen       total 66048K, used 24667K [0x0000000080000000, 0x0000000084080000, 0x00000000d5580000)
  object space 66048K, 37% used [0x0000000080000000,0x0000000081816f78,0x0000000084080000)
 Metaspace       used 56872K, capacity 59092K, committed 59160K, reserved 1099776K
  class space    used 7749K, capacity 8213K, committed 8232K, reserved 1048576K
}
Event: 11.112 GC heap before
{Heap before GC invocations=12 (full 3):
 PSYoungGen      total 448512K, used 19428K [0x00000000d5580000, 0x00000000fd580000, 0x0000000100000000)
  eden space 429056K, 0% used [0x00000000d5580000,0x00000000d5580000,0x00000000ef880000)
  from space 19456K, 99% used [0x00000000ef880000,0x00000000f0b79140,0x00000000f0b80000)
  to   space 24064K, 0% used [0x00000000fbe00000,0x00000000fbe00000,0x00000000fd580000)
 ParOldGen       total 66048K, used 24667K [0x0000000080000000, 0x0000000084080000, 0x00000000d5580000)
  object space 66048K, 37% used [0x0000000080000000,0x0000000081816f78,0x0000000084080000)
 Metaspace       used 56872K, capacity 59092K, committed 59160K, reserved 1099776K
  class space    used 7749K, capacity 8213K, committed 8232K, reserved 1048576K
Event: 11.383 GC heap after
Heap after GC invocations=12 (full 3):
 PSYoungGen      total 448512K, used 0K [0x00000000d5580000, 0x00000000fd580000, 0x0000000100000000)
  eden space 429056K, 0% used [0x00000000d5580000,0x00000000d5580000,0x00000000ef880000)
  from space 19456K, 0% used [0x00000000ef880000,0x00000000ef880000,0x00000000f0b80000)
  to   space 24064K, 0% used [0x00000000fbe00000,0x00000000fbe00000,0x00000000fd580000)
 ParOldGen       total 66048K, used 34808K [0x0000000080000000, 0x0000000084080000, 0x00000000d5580000)
  object space 66048K, 52% used [0x0000000080000000,0x00000000821fe380,0x0000000084080000)
 Metaspace       used 56865K, capacity 59068K, committed 59160K, reserved 1099776K
  class space    used 7747K, capacity 8209K, committed 8232K, reserved 1048576K
}
Event: 13.744 GC heap before
{Heap before GC invocations=13 (full 3):
 PSYoungGen      total 448512K, used 134243K [0x00000000d5580000, 0x00000000fd580000, 0x0000000100000000)
  eden space 429056K, 31% used [0x00000000d5580000,0x00000000dd898eb8,0x00000000ef880000)
  from space 19456K, 0% used [0x00000000ef880000,0x00000000ef880000,0x00000000f0b80000)
  to   space 24064K, 0% used [0x00000000fbe00000,0x00000000fbe00000,0x00000000fd580000)
 ParOldGen       total 66048K, used 34808K [0x0000000080000000, 0x0000000084080000, 0x00000000d5580000)
  object space 66048K, 52% used [0x0000000080000000,0x00000000821fe380,0x0000000084080000)
 Metaspace       used 64660K, capacity 67306K, committed 67352K, reserved 1112064K
  class space    used 8949K, capacity 9490K, committed 9512K, reserved 1048576K

