# JRE version: OpenJDK Runtime Environment (8.0_242-b01) (build 1.8.0_242-release-1644-b01)
# Java VM: OpenJDK 64-Bit Server VM (25.242-b01 mixed mode windows-amd64 compressed oops)
Heap:
 PSYoungGen      total 68608K, used 59640K [0x00000000d5580000, 0x00000000d9d80000, 0x0000000100000000)
  eden space 63488K, 93% used [0x00000000d5580000,0x00000000d8fbe390,0x00000000d9380000)
  from space 5120K, 0% used [0x00000000d9880000,0x00000000d9880000,0x00000000d9d80000)
  to   space 5120K, 0% used [0x00000000d9380000,0x00000000d9380000,0x00000000d9880000)
 ParOldGen       total 44544K, used 5893K [0x0000000080000000, 0x0000000082b80000, 0x00000000d5580000)
  object space 44544K, 13% used [0x0000000080000000,0x00000000805c1610,0x0000000082b80000)
 Metaspace       used 19950K, capacity 20570K, committed 20992K, reserved 1069056K
  class space    used 2779K, capacity 2945K, committed 3072K, reserved 1048576K
GC Heap History (10 events):
Event: 1.047 GC heap before
{Heap before GC invocations=1 (full 0):
 PSYoungGen      total 36864K, used 31744K [0x00000000d5580000, 0x00000000d7e80000, 0x0000000100000000)
  eden space 31744K, 100% used [0x00000000d5580000,0x00000000d7480000,0x00000000d7480000)
  from space 5120K, 0% used [0x00000000d7980000,0x00000000d7980000,0x00000000d7e80000)
  to   space 5120K, 0% used [0x00000000d7480000,0x00000000d7480000,0x00000000d7980000)
 ParOldGen       total 84992K, used 0K [0x0000000080000000, 0x0000000085300000, 0x00000000d5580000)
  object space 84992K, 0% used [0x0000000080000000,0x0000000080000000,0x0000000085300000)
 Metaspace       used 7216K, capacity 7450K, committed 7680K, reserved 1056768K
  class space    used 891K, capacity 973K, committed 1024K, reserved 1048576K
Event: 1.073 GC heap after
Heap after GC invocations=1 (full 0):
 PSYoungGen      total 36864K, used 4349K [0x00000000d5580000, 0x00000000d9d80000, 0x0000000100000000)
  eden space 31744K, 0% used [0x00000000d5580000,0x00000000d5580000,0x00000000d7480000)
  from space 5120K, 84% used [0x00000000d7480000,0x00000000d78bf500,0x00000000d7980000)
  to   space 5120K, 0% used [0x00000000d9880000,0x00000000d9880000,0x00000000d9d80000)
 ParOldGen       total 84992K, used 8K [0x0000000080000000, 0x0000000085300000, 0x00000000d5580000)
  object space 84992K, 0% used [0x0000000080000000,0x0000000080002000,0x0000000085300000)
 Metaspace       used 7216K, capacity 7450K, committed 7680K, reserved 1056768K
  class space    used 891K, capacity 973K, committed 1024K, reserved 1048576K
}
Event: 1.426 GC heap before
{Heap before GC invocations=2 (full 0):
 PSYoungGen      total 36864K, used 36093K [0x00000000d5580000, 0x00000000d9d80000, 0x0000000100000000)
  eden space 31744K, 100% used [0x00000000d5580000,0x00000000d7480000,0x00000000d7480000)
  from space 5120K, 84% used [0x00000000d7480000,0x00000000d78bf500,0x00000000d7980000)
  to   space 5120K, 0% used [0x00000000d9880000,0x00000000d9880000,0x00000000d9d80000)
 ParOldGen       total 84992K, used 8K [0x0000000080000000, 0x0000000085300000, 0x00000000d5580000)
  object space 84992K, 0% used [0x0000000080000000,0x0000000080002000,0x0000000085300000)
 Metaspace       used 7406K, capacity 7674K, committed 7936K, reserved 1056768K
  class space    used 901K, capacity 1005K, committed 1024K, reserved 1048576K
Event: 1.430 GC heap after
Heap after GC invocations=2 (full 0):
 PSYoungGen      total 68608K, used 3057K [0x00000000d5580000, 0x00000000d9d80000, 0x0000000100000000)
  eden space 63488K, 0% used [0x00000000d5580000,0x00000000d5580000,0x00000000d9380000)
  from space 5120K, 59% used [0x00000000d9880000,0x00000000d9b7c5f8,0x00000000d9d80000)
  to   space 5120K, 0% used [0x00000000d9380000,0x00000000d9380000,0x00000000d9880000)
 ParOldGen       total 84992K, used 16K [0x0000000080000000, 0x0000000085300000, 0x00000000d5580000)
  object space 84992K, 0% used [0x0000000080000000,0x0000000080004000,0x0000000085300000)
 Metaspace       used 7406K, capacity 7674K, committed 7936K, reserved 1056768K
  class space    used 901K, capacity 1005K, committed 1024K, reserved 1048576K
}
Event: 5.153 GC heap before
{Heap before GC invocations=3 (full 0):
 PSYoungGen      total 68608K, used 66545K [0x00000000d5580000, 0x00000000d9d80000, 0x0000000100000000)
  eden space 63488K, 100% used [0x00000000d5580000,0x00000000d9380000,0x00000000d9380000)
  from space 5120K, 59% used [0x00000000d9880000,0x00000000d9b7c5f8,0x00000000d9d80000)
  to   space 5120K, 0% used [0x00000000d9380000,0x00000000d9380000,0x00000000d9880000)
 ParOldGen       total 84992K, used 16K [0x0000000080000000, 0x0000000085300000, 0x00000000d5580000)
  object space 84992K, 0% used [0x0000000080000000,0x0000000080004000,0x0000000085300000)
 Metaspace       used 13850K, capacity 14308K, committed 14336K, reserved 1060864K
  class space    used 1904K, capacity 2044K, committed 2048K, reserved 1048576K
Event: 5.169 GC heap after
Heap after GC invocations=3 (full 0):
 PSYoungGen      total 68608K, used 5118K [0x00000000d5580000, 0x00000000d9d80000, 0x0000000100000000)
  eden space 63488K, 0% used [0x00000000d5580000,0x00000000d5580000,0x00000000d9380000)
  from space 5120K, 99% used [0x00000000d9380000,0x00000000d987fae0,0x00000000d9880000)
  to   space 5120K, 0% used [0x00000000d9880000,0x00000000d9880000,0x00000000d9d80000)
 ParOldGen       total 84992K, used 3460K [0x0000000080000000, 0x0000000085300000, 0x00000000d5580000)
  object space 84992K, 4% used [0x0000000080000000,0x0000000080361380,0x0000000085300000)
 Metaspace       used 13850K, capacity 14308K, committed 14336K, reserved 1060864K
  class space    used 1904K, capacity 2044K, committed 2048K, reserved 1048576K
}
Event: 5.311 GC heap before
{Heap before GC invocations=4 (full 0):
 PSYoungGen      total 68608K, used 14383K [0x00000000d5580000, 0x00000000d9d80000, 0x0000000100000000)
  eden space 63488K, 14% used [0x00000000d5580000,0x00000000d5e8c3b8,0x00000000d9380000)
  from space 5120K, 99% used [0x00000000d9380000,0x00000000d987fae0,0x00000000d9880000)
  to   space 5120K, 0% used [0x00000000d9880000,0x00000000d9880000,0x00000000d9d80000)
 ParOldGen       total 84992K, used 3460K [0x0000000080000000, 0x0000000085300000, 0x00000000d5580000)
  object space 84992K, 4% used [0x0000000080000000,0x0000000080361380,0x0000000085300000)
 Metaspace       used 14911K, capacity 15410K, committed 15488K, reserved 1067008K
  class space    used 1995K, capacity 2153K, committed 2176K, reserved 1048576K
Event: 5.360 GC heap after
Heap after GC invocations=4 (full 0):
 PSYoungGen      total 68608K, used 5088K [0x00000000d5580000, 0x00000000d9d80000, 0x0000000100000000)
  eden space 63488K, 0% used [0x00000000d5580000,0x00000000d5580000,0x00000000d9380000)
  from space 5120K, 99% used [0x00000000d9880000,0x00000000d9d78218,0x00000000d9d80000)
  to   space 5120K, 0% used [0x00000000d9380000,0x00000000d9380000,0x00000000d9880000)
 ParOldGen       total 84992K, used 4307K [0x0000000080000000, 0x0000000085300000, 0x00000000d5580000)
  object space 84992K, 5% used [0x0000000080000000,0x0000000080434c18,0x0000000085300000)
 Metaspace       used 14911K, capacity 15410K, committed 15488K, reserved 1067008K
  class space    used 1995K, capacity 2153K, committed 2176K, reserved 1048576K
}
Event: 5.360 GC heap before
{Heap before GC invocations=5 (full 1):
 PSYoungGen      total 68608K, used 5088K [0x00000000d5580000, 0x00000000d9d80000, 0x0000000100000000)
  eden space 63488K, 0% used [0x00000000d5580000,0x00000000d5580000,0x00000000d9380000)
  from space 5120K, 99% used [0x00000000d9880000,0x00000000d9d78218,0x00000000d9d80000)
  to   space 5120K, 0% used [0x00000000d9380000,0x00000000d9380000,0x00000000d9880000)
 ParOldGen       total 84992K, used 4307K [0x0000000080000000, 0x0000000085300000, 0x00000000d5580000)
  object space 84992K, 5% used [0x0000000080000000,0x0000000080434c18,0x0000000085300000)
 Metaspace       used 14911K, capacity 15410K, committed 15488K, reserved 1067008K
  class space    used 1995K, capacity 2153K, committed 2176K, reserved 1048576K
Event: 5.405 GC heap after
Heap after GC invocations=5 (full 1):
 PSYoungGen      total 68608K, used 0K [0x00000000d5580000, 0x00000000d9d80000, 0x0000000100000000)
  eden space 63488K, 0% used [0x00000000d5580000,0x00000000d5580000,0x00000000d9380000)
  from space 5120K, 0% used [0x00000000d9880000,0x00000000d9880000,0x00000000d9d80000)
  to   space 5120K, 0% used [0x00000000d9380000,0x00000000d9380000,0x00000000d9880000)
 ParOldGen       total 44544K, used 5893K [0x0000000080000000, 0x0000000082b80000, 0x00000000d5580000)
  object space 44544K, 13% used [0x0000000080000000,0x00000000805c1610,0x0000000082b80000)
 Metaspace       used 14911K, capacity 15410K, committed 15488K, reserved 1064960K
  class space    used 1995K, capacity 2153K, committed 2176K, reserved 1048576K
}

