# JRE version: OpenJDK Runtime Environment (8.0_242-b01) (build 1.8.0_242-release-1644-b01)
# Java VM: OpenJDK 64-Bit Server VM (25.242-b01 mixed mode windows-amd64 compressed oops)
Heap:
 PSYoungGen      total 248320K, used 42775K [0x00000000d5580000, 0x00000000e6880000, 0x0000000100000000)
  eden space 227328K, 9% used [0x00000000d5580000,0x00000000d6ac9080,0x00000000e3380000)
  from space 20992K, 99% used [0x00000000e4d00000,0x00000000e617cd58,0x00000000e6180000)
  to   space 26112K, 7% used [0x00000000e3380000,0x00000000e3550000,0x00000000e4d00000)
 ParOldGen       total 117248K, used 38166K [0x0000000080000000, 0x0000000087280000, 0x00000000d5580000)
  object space 117248K, 32% used [0x0000000080000000,0x00000000825459d0,0x0000000087280000)
 Metaspace       used 77340K, capacity 80988K, committed 81112K, reserved 1122304K
  class space    used 10622K, capacity 11367K, committed 11480K, reserved 1048576K
GC Heap History (10 events):
Event: 13.514 GC heap before
{Heap before GC invocations=13 (full 2):
 PSYoungGen      total 162304K, used 162278K [0x00000000d5580000, 0x00000000e0a00000, 0x0000000100000000)
  eden space 153088K, 100% used [0x00000000d5580000,0x00000000deb00000,0x00000000deb00000)
  from space 9216K, 99% used [0x00000000e0100000,0x00000000e09f9b00,0x00000000e0a00000)
  to   space 12800K, 0% used [0x00000000df100000,0x00000000df100000,0x00000000dfd80000)
 ParOldGen       total 78336K, used 18659K [0x0000000080000000, 0x0000000084c80000, 0x00000000d5580000)
  object space 78336K, 23% used [0x0000000080000000,0x0000000081238f00,0x0000000084c80000)
 Metaspace       used 52431K, capacity 54558K, committed 54872K, reserved 1097728K
  class space    used 7004K, capacity 7430K, committed 7512K, reserved 1048576K
Event: 13.541 GC heap after
Heap after GC invocations=13 (full 2):
 PSYoungGen      total 172032K, used 12796K [0x00000000d5580000, 0x00000000e3400000, 0x0000000100000000)
  eden space 159232K, 0% used [0x00000000d5580000,0x00000000d5580000,0x00000000df100000)
  from space 12800K, 99% used [0x00000000df100000,0x00000000dfd7f320,0x00000000dfd80000)
  to   space 17920K, 0% used [0x00000000e2280000,0x00000000e2280000,0x00000000e3400000)
 ParOldGen       total 78336K, used 28815K [0x0000000080000000, 0x0000000084c80000, 0x00000000d5580000)
  object space 78336K, 36% used [0x0000000080000000,0x0000000081c23e20,0x0000000084c80000)
 Metaspace       used 52431K, capacity 54558K, committed 54872K, reserved 1097728K
  class space    used 7004K, capacity 7430K, committed 7512K, reserved 1048576K
}
Event: 15.030 GC heap before
{Heap before GC invocations=14 (full 2):
 PSYoungGen      total 172032K, used 68478K [0x00000000d5580000, 0x00000000e3400000, 0x0000000100000000)
  eden space 159232K, 34% used [0x00000000d5580000,0x00000000d8be07a0,0x00000000df100000)
  from space 12800K, 99% used [0x00000000df100000,0x00000000dfd7f320,0x00000000dfd80000)
  to   space 17920K, 0% used [0x00000000e2280000,0x00000000e2280000,0x00000000e3400000)
 ParOldGen       total 78336K, used 28815K [0x0000000080000000, 0x0000000084c80000, 0x00000000d5580000)
  object space 78336K, 36% used [0x0000000080000000,0x0000000081c23e20,0x0000000084c80000)
 Metaspace       used 56469K, capacity 58830K, committed 58968K, reserved 1099776K
  class space    used 7655K, capacity 8195K, committed 8280K, reserved 1048576K
Event: 15.052 GC heap after
Heap after GC invocations=14 (full 2):
 PSYoungGen      total 208384K, used 15099K [0x00000000d5580000, 0x00000000e3d00000, 0x0000000100000000)
  eden space 190464K, 0% used [0x00000000d5580000,0x00000000d5580000,0x00000000e0f80000)
  from space 17920K, 84% used [0x00000000e2280000,0x00000000e313ef28,0x00000000e3400000)
  to   space 19456K, 0% used [0x00000000e0f80000,0x00000000e0f80000,0x00000000e2280000)
 ParOldGen       total 78336K, used 33529K [0x0000000080000000, 0x0000000084c80000, 0x00000000d5580000)
  object space 78336K, 42% used [0x0000000080000000,0x00000000820be560,0x0000000084c80000)
 Metaspace       used 56469K, capacity 58830K, committed 58968K, reserved 1099776K
  class space    used 7655K, capacity 8195K, committed 8280K, reserved 1048576K
}
Event: 15.052 GC heap before
{Heap before GC invocations=15 (full 3):
 PSYoungGen      total 208384K, used 15099K [0x00000000d5580000, 0x00000000e3d00000, 0x0000000100000000)
  eden space 190464K, 0% used [0x00000000d5580000,0x00000000d5580000,0x00000000e0f80000)
  from space 17920K, 84% used [0x00000000e2280000,0x00000000e313ef28,0x00000000e3400000)
  to   space 19456K, 0% used [0x00000000e0f80000,0x00000000e0f80000,0x00000000e2280000)
 ParOldGen       total 78336K, used 33529K [0x0000000080000000, 0x0000000084c80000, 0x00000000d5580000)
  object space 78336K, 42% used [0x0000000080000000,0x00000000820be560,0x0000000084c80000)
 Metaspace       used 56469K, capacity 58830K, committed 58968K, reserved 1099776K
  class space    used 7655K, capacity 8195K, committed 8280K, reserved 1048576K
Event: 15.248 GC heap after
Heap after GC invocations=15 (full 3):
 PSYoungGen      total 208384K, used 0K [0x00000000d5580000, 0x00000000e3d00000, 0x0000000100000000)
  eden space 190464K, 0% used [0x00000000d5580000,0x00000000d5580000,0x00000000e0f80000)
  from space 17920K, 0% used [0x00000000e2280000,0x00000000e2280000,0x00000000e3400000)
  to   space 19456K, 0% used [0x00000000e0f80000,0x00000000e0f80000,0x00000000e2280000)
 ParOldGen       total 117248K, used 33483K [0x0000000080000000, 0x0000000087280000, 0x00000000d5580000)
  object space 117248K, 28% used [0x0000000080000000,0x00000000820b2c80,0x0000000087280000)
 Metaspace       used 56459K, capacity 58794K, committed 58968K, reserved 1099776K
  class space    used 7652K, capacity 8189K, committed 8280K, reserved 1048576K
}
Event: 19.142 GC heap before
{Heap before GC invocations=16 (full 3):
 PSYoungGen      total 208384K, used 190464K [0x00000000d5580000, 0x00000000e3d00000, 0x0000000100000000)
  eden space 190464K, 100% used [0x00000000d5580000,0x00000000e0f80000,0x00000000e0f80000)
  from space 17920K, 0% used [0x00000000e2280000,0x00000000e2280000,0x00000000e3400000)
  to   space 19456K, 0% used [0x00000000e0f80000,0x00000000e0f80000,0x00000000e2280000)
 ParOldGen       total 117248K, used 33483K [0x0000000080000000, 0x0000000087280000, 0x00000000d5580000)
  object space 117248K, 28% used [0x0000000080000000,0x00000000820b2c80,0x0000000087280000)
 Metaspace       used 66531K, capacity 69382K, committed 69720K, reserved 1110016K
  class space    used 9167K, capacity 9745K, committed 9816K, reserved 1048576K
Event: 19.168 GC heap after
Heap after GC invocations=16 (full 3):
 PSYoungGen      total 209920K, used 15771K [0x00000000d5580000, 0x00000000e6180000, 0x0000000100000000)
  eden space 190464K, 0% used [0x00000000d5580000,0x00000000d5580000,0x00000000e0f80000)
  from space 19456K, 81% used [0x00000000e0f80000,0x00000000e1ee6ce0,0x00000000e2280000)
  to   space 20992K, 0% used [0x00000000e4d00000,0x00000000e4d00000,0x00000000e6180000)
 ParOldGen       total 117248K, used 33491K [0x0000000080000000, 0x0000000087280000, 0x00000000d5580000)
  object space 117248K, 28% used [0x0000000080000000,0x00000000820b4c80,0x0000000087280000)
 Metaspace       used 66531K, capacity 69382K, committed 69720K, reserved 1110016K
  class space    used 9167K, capacity 9745K, committed 9816K, reserved 1048576K
}
Event: 25.877 GC heap before
{Heap before GC invocations=17 (full 3):
 PSYoungGen      total 209920K, used 206235K [0x00000000d5580000, 0x00000000e6180000, 0x0000000100000000)
  eden space 190464K, 100% used [0x00000000d5580000,0x00000000e0f80000,0x00000000e0f80000)
  from space 19456K, 81% used [0x00000000e0f80000,0x00000000e1ee6ce0,0x00000000e2280000)
  to   space 20992K, 0% used [0x00000000e4d00000,0x00000000e4d00000,0x00000000e6180000)
 ParOldGen       total 117248K, used 33491K [0x0000000080000000, 0x0000000087280000, 0x00000000d5580000)
  object space 117248K, 28% used [0x0000000080000000,0x00000000820b4c80,0x0000000087280000)
 Metaspace       used 76603K, capacity 80250K, committed 80472K, reserved 1118208K
  class space    used 10543K, capacity 11276K, committed 11352K, reserved 1048576K
Event: 25.935 GC heap after
Heap after GC invocations=17 (full 3):
 PSYoungGen      total 248320K, used 20979K [0x00000000d5580000, 0x00000000e6880000, 0x0000000100000000)
  eden space 227328K, 0% used [0x00000000d5580000,0x00000000d5580000,0x00000000e3380000)
  from space 20992K, 99% used [0x00000000e4d00000,0x00000000e617cd58,0x00000000e6180000)
  to   space 26112K, 0% used [0x00000000e3380000,0x00000000e3380000,0x00000000e4d00000)
 ParOldGen       total 117248K, used 38166K [0x0000000080000000, 0x0000000087280000, 0x00000000d5580000)
  object space 117248K, 32% used [0x0000000080000000,0x00000000825459d0,0x0000000087280000)
 Metaspace       used 76603K, capacity 80250K, committed 80472K, reserved 1118208K
  class space    used 10543K, capacity 11276K, committed 11352K, reserved 1048576K
}

