# JRE version: OpenJDK Runtime Environment (8.0_242-b01) (build 1.8.0_242-release-1644-b01)
# Java VM: OpenJDK 64-Bit Server VM (25.242-b01 mixed mode windows-amd64 compressed oops)
Heap:
 PSYoungGen      total 632832K, used 144444K [0x00000000d5580000, 0x0000000100000000, 0x0000000100000000)
  eden space 584192K, 16% used [0x00000000d5580000,0x00000000db314728,0x00000000f9000000)
  from space 48640K, 99% used [0x00000000fd080000,0x00000000ffffaa28,0x0000000100000000)
  to   space 57344K, 0% used [0x00000000f9000000,0x00000000f9000000,0x00000000fc800000)
 ParOldGen       total 174592K, used 77674K [0x0000000080000000, 0x000000008aa80000, 0x00000000d5580000)
  object space 174592K, 44% used [0x0000000080000000,0x0000000084bda860,0x000000008aa80000)
 Metaspace       used 115278K, capacity 120876K, committed 121024K, reserved 1155072K
  class space    used 14922K, capacity 15979K, committed 16104K, reserved 1048576K
GC Heap History (10 events):
Event: 3980.056 GC heap before
{Heap before GC invocations=14 (full 3):
 PSYoungGen      total 465920K, used 465913K [0x00000000d5580000, 0x00000000f4c00000, 0x0000000100000000)
  eden space 442368K, 100% used [0x00000000d5580000,0x00000000f0580000,0x00000000f0580000)
  from space 23552K, 99% used [0x00000000f2480000,0x00000000f3b7e568,0x00000000f3b80000)
  to   space 31744K, 0% used [0x00000000f0580000,0x00000000f0580000,0x00000000f2480000)
 ParOldGen       total 126976K, used 46978K [0x0000000080000000, 0x0000000087c00000, 0x00000000d5580000)
  object space 126976K, 36% used [0x0000000080000000,0x0000000082de09a8,0x0000000087c00000)
 Metaspace       used 92982K, capacity 97446K, committed 97624K, reserved 1134592K
  class space    used 12150K, capacity 13079K, committed 13184K, reserved 1048576K
Event: 3980.142 GC heap after
Heap after GC invocations=14 (full 3):
 PSYoungGen      total 474112K, used 23217K [0x00000000d5580000, 0x00000000f8e80000, 0x0000000100000000)
  eden space 442368K, 0% used [0x00000000d5580000,0x00000000d5580000,0x00000000f0580000)
  from space 31744K, 73% used [0x00000000f0580000,0x00000000f1c2c640,0x00000000f2480000)
  to   space 33280K, 0% used [0x00000000f6e00000,0x00000000f6e00000,0x00000000f8e80000)
 ParOldGen       total 126976K, used 65618K [0x0000000080000000, 0x0000000087c00000, 0x00000000d5580000)
  object space 126976K, 51% used [0x0000000080000000,0x00000000840148a8,0x0000000087c00000)
 Metaspace       used 92982K, capacity 97446K, committed 97624K, reserved 1134592K
  class space    used 12150K, capacity 13079K, committed 13184K, reserved 1048576K
}
Event: 3981.274 GC heap before
{Heap before GC invocations=15 (full 3):
 PSYoungGen      total 474112K, used 62480K [0x00000000d5580000, 0x00000000f8e80000, 0x0000000100000000)
  eden space 442368K, 8% used [0x00000000d5580000,0x00000000d7bd7b18,0x00000000f0580000)
  from space 31744K, 73% used [0x00000000f0580000,0x00000000f1c2c640,0x00000000f2480000)
  to   space 33280K, 0% used [0x00000000f6e00000,0x00000000f6e00000,0x00000000f8e80000)
 ParOldGen       total 126976K, used 65618K [0x0000000080000000, 0x0000000087c00000, 0x00000000d5580000)
  object space 126976K, 51% used [0x0000000080000000,0x00000000840148a8,0x0000000087c00000)
 Metaspace       used 93720K, capacity 98358K, committed 98496K, reserved 1134592K
  class space    used 12277K, capacity 13209K, committed 13288K, reserved 1048576K
Event: 3981.337 GC heap after
Heap after GC invocations=15 (full 3):
 PSYoungGen      total 549376K, used 18146K [0x00000000d5580000, 0x00000000fae00000, 0x0000000100000000)
  eden space 516096K, 0% used [0x00000000d5580000,0x00000000d5580000,0x00000000f4d80000)
  from space 33280K, 54% used [0x00000000f6e00000,0x00000000f7fb89e0,0x00000000f8e80000)
  to   space 33280K, 0% used [0x00000000f4d80000,0x00000000f4d80000,0x00000000f6e00000)
 ParOldGen       total 126976K, used 65626K [0x0000000080000000, 0x0000000087c00000, 0x00000000d5580000)
  object space 126976K, 51% used [0x0000000080000000,0x00000000840168a8,0x0000000087c00000)
 Metaspace       used 93720K, capacity 98358K, committed 98496K, reserved 1134592K
  class space    used 12277K, capacity 13209K, committed 13288K, reserved 1048576K
}
Event: 3981.337 GC heap before
{Heap before GC invocations=16 (full 4):
 PSYoungGen      total 549376K, used 18146K [0x00000000d5580000, 0x00000000fae00000, 0x0000000100000000)
  eden space 516096K, 0% used [0x00000000d5580000,0x00000000d5580000,0x00000000f4d80000)
  from space 33280K, 54% used [0x00000000f6e00000,0x00000000f7fb89e0,0x00000000f8e80000)
  to   space 33280K, 0% used [0x00000000f4d80000,0x00000000f4d80000,0x00000000f6e00000)
 ParOldGen       total 126976K, used 65626K [0x0000000080000000, 0x0000000087c00000, 0x00000000d5580000)
  object space 126976K, 51% used [0x0000000080000000,0x00000000840168a8,0x0000000087c00000)
 Metaspace       used 93720K, capacity 98358K, committed 98496K, reserved 1134592K
  class space    used 12277K, capacity 13209K, committed 13288K, reserved 1048576K
Event: 3981.664 GC heap after
Heap after GC invocations=16 (full 4):
 PSYoungGen      total 549376K, used 0K [0x00000000d5580000, 0x00000000fae00000, 0x0000000100000000)
  eden space 516096K, 0% used [0x00000000d5580000,0x00000000d5580000,0x00000000f4d80000)
  from space 33280K, 0% used [0x00000000f6e00000,0x00000000f6e00000,0x00000000f8e80000)
  to   space 33280K, 0% used [0x00000000f4d80000,0x00000000f4d80000,0x00000000f6e00000)
 ParOldGen       total 174592K, used 47611K [0x0000000080000000, 0x000000008aa80000, 0x00000000d5580000)
  object space 174592K, 27% used [0x0000000080000000,0x0000000082e7efa0,0x000000008aa80000)
 Metaspace       used 92603K, capacity 96388K, committed 98496K, reserved 1134592K
  class space    used 12066K, capacity 12828K, committed 13288K, reserved 1048576K
}
Event: 3990.358 GC heap before
{Heap before GC invocations=17 (full 4):
 PSYoungGen      total 549376K, used 516096K [0x00000000d5580000, 0x00000000fae00000, 0x0000000100000000)
  eden space 516096K, 100% used [0x00000000d5580000,0x00000000f4d80000,0x00000000f4d80000)
  from space 33280K, 0% used [0x00000000f6e00000,0x00000000f6e00000,0x00000000f8e80000)
  to   space 33280K, 0% used [0x00000000f4d80000,0x00000000f4d80000,0x00000000f6e00000)
 ParOldGen       total 174592K, used 47611K [0x0000000080000000, 0x000000008aa80000, 0x00000000d5580000)
  object space 174592K, 27% used [0x0000000080000000,0x0000000082e7efa0,0x000000008aa80000)
 Metaspace       used 109346K, capacity 114504K, committed 114624K, reserved 1148928K
  class space    used 14279K, capacity 15247K, committed 15336K, reserved 1048576K
Event: 3990.467 GC heap after
Heap after GC invocations=17 (full 4):
 PSYoungGen      total 549376K, used 33269K [0x00000000d5580000, 0x0000000100000000, 0x0000000100000000)
  eden space 516096K, 0% used [0x00000000d5580000,0x00000000d5580000,0x00000000f4d80000)
  from space 33280K, 99% used [0x00000000f4d80000,0x00000000f6dfd450,0x00000000f6e00000)
  to   space 48640K, 0% used [0x00000000fd080000,0x00000000fd080000,0x0000000100000000)
 ParOldGen       total 174592K, used 75954K [0x0000000080000000, 0x000000008aa80000, 0x00000000d5580000)
  object space 174592K, 43% used [0x0000000080000000,0x0000000084a2cb58,0x000000008aa80000)
 Metaspace       used 109346K, capacity 114504K, committed 114624K, reserved 1148928K
  class space    used 14279K, capacity 15247K, committed 15336K, reserved 1048576K
}
Event: 4385.833 GC heap before
{Heap before GC invocations=18 (full 4):
 PSYoungGen      total 549376K, used 549365K [0x00000000d5580000, 0x0000000100000000, 0x0000000100000000)
  eden space 516096K, 100% used [0x00000000d5580000,0x00000000f4d80000,0x00000000f4d80000)
  from space 33280K, 99% used [0x00000000f4d80000,0x00000000f6dfd450,0x00000000f6e00000)
  to   space 48640K, 0% used [0x00000000fd080000,0x00000000fd080000,0x0000000100000000)
 ParOldGen       total 174592K, used 75954K [0x0000000080000000, 0x000000008aa80000, 0x00000000d5580000)
  object space 174592K, 43% used [0x0000000080000000,0x0000000084a2cb58,0x000000008aa80000)
 Metaspace       used 114093K, capacity 119578K, committed 119872K, reserved 1153024K
  class space    used 14787K, capacity 15842K, committed 15976K, reserved 1048576K
Event: 4385.988 GC heap after
Heap after GC invocations=18 (full 4):
 PSYoungGen      total 632832K, used 48618K [0x00000000d5580000, 0x0000000100000000, 0x0000000100000000)
  eden space 584192K, 0% used [0x00000000d5580000,0x00000000d5580000,0x00000000f9000000)
  from space 48640K, 99% used [0x00000000fd080000,0x00000000ffffaa28,0x0000000100000000)
  to   space 57344K, 0% used [0x00000000f9000000,0x00000000f9000000,0x00000000fc800000)
 ParOldGen       total 174592K, used 77674K [0x0000000080000000, 0x000000008aa80000, 0x00000000d5580000)
  object space 174592K, 44% used [0x0000000080000000,0x0000000084bda860,0x000000008aa80000)
 Metaspace       used 114093K, capacity 119578K, committed 119872K, reserved 1153024K
  class space    used 14787K, capacity 15842K, committed 15976K, reserved 1048576K
}

