# JRE version: OpenJDK Runtime Environment (8.0_242-b01) (build 1.8.0_242-release-1644-b01)
# Java VM: OpenJDK 64-Bit Server VM (25.242-b01 mixed mode windows-amd64 compressed oops)
Heap:
 PSYoungGen      total 410112K, used 13454K [0x00000000d5580000, 0x00000000f2200000, 0x0000000100000000)
  eden space 390144K, 3% used [0x00000000d5580000,0x00000000d62a3bc0,0x00000000ed280000)
  from space 19968K, 0% used [0x00000000efb00000,0x00000000efb00000,0x00000000f0e80000)
  to   space 14336K, 0% used [0x00000000f1400000,0x00000000f1400000,0x00000000f2200000)
 ParOldGen       total 69632K, used 34370K [0x0000000080000000, 0x0000000084400000, 0x00000000d5580000)
  object space 69632K, 49% used [0x0000000080000000,0x0000000082190990,0x0000000084400000)
 Metaspace       used 57232K, capacity 59524K, committed 59800K, reserved 1101824K
  class space    used 7833K, capacity 8283K, committed 8360K, reserved 1048576K
GC Heap History (10 events):
Event: 8.985 GC heap before
{Heap before GC invocations=8 (full 1):
 PSYoungGen      total 247296K, used 46098K [0x00000000d5580000, 0x00000000e6580000, 0x0000000100000000)
  eden space 235008K, 14% used [0x00000000d5580000,0x00000000d7688c18,0x00000000e3b00000)
  from space 12288K, 99% used [0x00000000e5980000,0x00000000e657bd88,0x00000000e6580000)
  to   space 15360K, 0% used [0x00000000e4780000,0x00000000e4780000,0x00000000e5680000)
 ParOldGen       total 50176K, used 9315K [0x0000000080000000, 0x0000000083100000, 0x00000000d5580000)
  object space 50176K, 18% used [0x0000000080000000,0x0000000080918ce0,0x0000000083100000)
 Metaspace       used 34253K, capacity 35380K, committed 35496K, reserved 1079296K
  class space    used 4693K, capacity 4969K, committed 5032K, reserved 1048576K
Event: 9.015 GC heap after
Heap after GC invocations=8 (full 1):
 PSYoungGen      total 263168K, used 8054K [0x00000000d5580000, 0x00000000f2200000, 0x0000000100000000)
  eden space 247808K, 0% used [0x00000000d5580000,0x00000000d5580000,0x00000000e4780000)
  from space 15360K, 52% used [0x00000000e4780000,0x00000000e4f5d968,0x00000000e5680000)
  to   space 14336K, 0% used [0x00000000f1400000,0x00000000f1400000,0x00000000f2200000)
 ParOldGen       total 50176K, used 9323K [0x0000000080000000, 0x0000000083100000, 0x00000000d5580000)
  object space 50176K, 18% used [0x0000000080000000,0x000000008091ace0,0x0000000083100000)
 Metaspace       used 34253K, capacity 35380K, committed 35496K, reserved 1079296K
  class space    used 4693K, capacity 4969K, committed 5032K, reserved 1048576K
}
Event: 9.015 GC heap before
{Heap before GC invocations=9 (full 2):
 PSYoungGen      total 263168K, used 8054K [0x00000000d5580000, 0x00000000f2200000, 0x0000000100000000)
  eden space 247808K, 0% used [0x00000000d5580000,0x00000000d5580000,0x00000000e4780000)
  from space 15360K, 52% used [0x00000000e4780000,0x00000000e4f5d968,0x00000000e5680000)
  to   space 14336K, 0% used [0x00000000f1400000,0x00000000f1400000,0x00000000f2200000)
 ParOldGen       total 50176K, used 9323K [0x0000000080000000, 0x0000000083100000, 0x00000000d5580000)
  object space 50176K, 18% used [0x0000000080000000,0x000000008091ace0,0x0000000083100000)
 Metaspace       used 34253K, capacity 35380K, committed 35496K, reserved 1079296K
  class space    used 4693K, capacity 4969K, committed 5032K, reserved 1048576K
Event: 9.126 GC heap after
Heap after GC invocations=9 (full 2):
 PSYoungGen      total 263168K, used 0K [0x00000000d5580000, 0x00000000f2200000, 0x0000000100000000)
  eden space 247808K, 0% used [0x00000000d5580000,0x00000000d5580000,0x00000000e4780000)
  from space 15360K, 0% used [0x00000000e4780000,0x00000000e4780000,0x00000000e5680000)
  to   space 14336K, 0% used [0x00000000f1400000,0x00000000f1400000,0x00000000f2200000)
 ParOldGen       total 69632K, used 14373K [0x0000000080000000, 0x0000000084400000, 0x00000000d5580000)
  object space 69632K, 20% used [0x0000000080000000,0x0000000080e09648,0x0000000084400000)
 Metaspace       used 34253K, capacity 35380K, committed 35496K, reserved 1079296K
  class space    used 4693K, capacity 4969K, committed 5032K, reserved 1048576K
}
Event: 13.289 GC heap before
{Heap before GC invocations=10 (full 2):
 PSYoungGen      total 263168K, used 247808K [0x00000000d5580000, 0x00000000f2200000, 0x0000000100000000)
  eden space 247808K, 100% used [0x00000000d5580000,0x00000000e4780000,0x00000000e4780000)
  from space 15360K, 0% used [0x00000000e4780000,0x00000000e4780000,0x00000000e5680000)
  to   space 14336K, 0% used [0x00000000f1400000,0x00000000f1400000,0x00000000f2200000)
 ParOldGen       total 69632K, used 14373K [0x0000000080000000, 0x0000000084400000, 0x00000000d5580000)
  object space 69632K, 20% used [0x0000000080000000,0x0000000080e09648,0x0000000084400000)
 Metaspace       used 48620K, capacity 50484K, committed 50728K, reserved 1093632K
  class space    used 6508K, capacity 6912K, committed 6952K, reserved 1048576K
Event: 13.314 GC heap after
Heap after GC invocations=10 (full 2):
 PSYoungGen      total 404480K, used 14317K [0x00000000d5580000, 0x00000000f2200000, 0x0000000100000000)
  eden space 390144K, 0% used [0x00000000d5580000,0x00000000d5580000,0x00000000ed280000)
  from space 14336K, 99% used [0x00000000f1400000,0x00000000f21fb638,0x00000000f2200000)
  to   space 19968K, 0% used [0x00000000efb00000,0x00000000efb00000,0x00000000f0e80000)
 ParOldGen       total 69632K, used 22184K [0x0000000080000000, 0x0000000084400000, 0x00000000d5580000)
  object space 69632K, 31% used [0x0000000080000000,0x00000000815aa388,0x0000000084400000)
 Metaspace       used 48620K, capacity 50484K, committed 50728K, reserved 1093632K
  class space    used 6508K, capacity 6912K, committed 6952K, reserved 1048576K
}
Event: 15.380 GC heap before
{Heap before GC invocations=11 (full 2):
 PSYoungGen      total 404480K, used 117501K [0x00000000d5580000, 0x00000000f2200000, 0x0000000100000000)
  eden space 390144K, 26% used [0x00000000d5580000,0x00000000dba43f78,0x00000000ed280000)
  from space 14336K, 99% used [0x00000000f1400000,0x00000000f21fb638,0x00000000f2200000)
  to   space 19968K, 0% used [0x00000000efb00000,0x00000000efb00000,0x00000000f0e80000)
 ParOldGen       total 69632K, used 22184K [0x0000000080000000, 0x0000000084400000, 0x00000000d5580000)
  object space 69632K, 31% used [0x0000000080000000,0x00000000815aa388,0x0000000084400000)
 Metaspace       used 56864K, capacity 59096K, committed 59160K, reserved 1099776K
  class space    used 7749K, capacity 8213K, committed 8232K, reserved 1048576K
Event: 15.504 GC heap after
Heap after GC invocations=11 (full 2):
 PSYoungGen      total 410112K, used 19958K [0x00000000d5580000, 0x00000000f2200000, 0x0000000100000000)
  eden space 390144K, 0% used [0x00000000d5580000,0x00000000d5580000,0x00000000ed280000)
  from space 19968K, 99% used [0x00000000efb00000,0x00000000f0e7db50,0x00000000f0e80000)
  to   space 14336K, 0% used [0x00000000f1400000,0x00000000f1400000,0x00000000f2200000)
 ParOldGen       total 69632K, used 24655K [0x0000000080000000, 0x0000000084400000, 0x00000000d5580000)
  object space 69632K, 35% used [0x0000000080000000,0x0000000081813c20,0x0000000084400000)
 Metaspace       used 56864K, capacity 59096K, committed 59160K, reserved 1099776K
  class space    used 7749K, capacity 8213K, committed 8232K, reserved 1048576K
}
Event: 15.504 GC heap before
{Heap before GC invocations=12 (full 3):
 PSYoungGen      total 410112K, used 19958K [0x00000000d5580000, 0x00000000f2200000, 0x0000000100000000)
  eden space 390144K, 0% used [0x00000000d5580000,0x00000000d5580000,0x00000000ed280000)
  from space 19968K, 99% used [0x00000000efb00000,0x00000000f0e7db50,0x00000000f0e80000)
  to   space 14336K, 0% used [0x00000000f1400000,0x00000000f1400000,0x00000000f2200000)
 ParOldGen       total 69632K, used 24655K [0x0000000080000000, 0x0000000084400000, 0x00000000d5580000)
  object space 69632K, 35% used [0x0000000080000000,0x0000000081813c20,0x0000000084400000)
 Metaspace       used 56864K, capacity 59096K, committed 59160K, reserved 1099776K
  class space    used 7749K, capacity 8213K, committed 8232K, reserved 1048576K
Event: 15.911 GC heap after
Heap after GC invocations=12 (full 3):
 PSYoungGen      total 410112K, used 0K [0x00000000d5580000, 0x00000000f2200000, 0x0000000100000000)
  eden space 390144K, 0% used [0x00000000d5580000,0x00000000d5580000,0x00000000ed280000)
  from space 19968K, 0% used [0x00000000efb00000,0x00000000efb00000,0x00000000f0e80000)
  to   space 14336K, 0% used [0x00000000f1400000,0x00000000f1400000,0x00000000f2200000)
 ParOldGen       total 69632K, used 34370K [0x0000000080000000, 0x0000000084400000, 0x00000000d5580000)
  object space 69632K, 49% used [0x0000000080000000,0x0000000082190990,0x0000000084400000)
 Metaspace       used 56857K, capacity 59072K, committed 59160K, reserved 1099776K
  class space    used 7747K, capacity 8209K, committed 8232K, reserved 1048576K
}

