# JRE version: OpenJDK Runtime Environment (8.0_242-b01) (build 1.8.0_242-release-1644-b01)
# Java VM: OpenJDK 64-Bit Server VM (25.242-b01 mixed mode windows-amd64 compressed oops)
Heap:
 PSYoungGen      total 203264K, used 25363K [0x00000000d5580000, 0x00000000e4080000, 0x0000000100000000)
  eden space 188928K, 13% used [0x00000000d5580000,0x00000000d6e44ca0,0x00000000e0e00000)
  from space 14336K, 0% used [0x00000000e2480000,0x00000000e2480000,0x00000000e3280000)
  to   space 9216K, 0% used [0x00000000e3780000,0x00000000e3780000,0x00000000e4080000)
 ParOldGen       total 74752K, used 39378K [0x0000000080000000, 0x0000000084900000, 0x00000000d5580000)
  object space 74752K, 52% used [0x0000000080000000,0x0000000082674be8,0x0000000084900000)
 Metaspace       used 56904K, capacity 59160K, committed 59304K, reserved 1101824K
  class space    used 7791K, capacity 8279K, committed 8360K, reserved 1048576K
GC Heap History (10 events):
Event: 6.476 GC heap before
{Heap before GC invocations=8 (full 1):
 PSYoungGen      total 121856K, used 34897K [0x00000000d5580000, 0x00000000e4d80000, 0x0000000100000000)
  eden space 116736K, 25% used [0x00000000d5580000,0x00000000d7294678,0x00000000dc780000)
  from space 5120K, 100% used [0x00000000dd680000,0x00000000ddb80000,0x00000000ddb80000)
  to   space 15360K, 0% used [0x00000000dc780000,0x00000000dc780000,0x00000000dd680000)
 ParOldGen       total 57344K, used 20763K [0x0000000080000000, 0x0000000083800000, 0x00000000d5580000)
  object space 57344K, 36% used [0x0000000080000000,0x0000000081446c78,0x0000000083800000)
 Metaspace       used 34255K, capacity 35344K, committed 35496K, reserved 1079296K
  class space    used 4679K, capacity 4937K, committed 5032K, reserved 1048576K
Event: 6.537 GC heap after
Heap after GC invocations=8 (full 1):
 PSYoungGen      total 132096K, used 7091K [0x00000000d5580000, 0x00000000e4580000, 0x0000000100000000)
  eden space 116736K, 0% used [0x00000000d5580000,0x00000000d5580000,0x00000000dc780000)
  from space 15360K, 46% used [0x00000000dc780000,0x00000000dce6cf40,0x00000000dd680000)
  to   space 14336K, 0% used [0x00000000e3780000,0x00000000e3780000,0x00000000e4580000)
 ParOldGen       total 57344K, used 20763K [0x0000000080000000, 0x0000000083800000, 0x00000000d5580000)
  object space 57344K, 36% used [0x0000000080000000,0x0000000081446c78,0x0000000083800000)
 Metaspace       used 34255K, capacity 35344K, committed 35496K, reserved 1079296K
  class space    used 4679K, capacity 4937K, committed 5032K, reserved 1048576K
}
Event: 6.537 GC heap before
{Heap before GC invocations=9 (full 2):
 PSYoungGen      total 132096K, used 7091K [0x00000000d5580000, 0x00000000e4580000, 0x0000000100000000)
  eden space 116736K, 0% used [0x00000000d5580000,0x00000000d5580000,0x00000000dc780000)
  from space 15360K, 46% used [0x00000000dc780000,0x00000000dce6cf40,0x00000000dd680000)
  to   space 14336K, 0% used [0x00000000e3780000,0x00000000e3780000,0x00000000e4580000)
 ParOldGen       total 57344K, used 20763K [0x0000000080000000, 0x0000000083800000, 0x00000000d5580000)
  object space 57344K, 36% used [0x0000000080000000,0x0000000081446c78,0x0000000083800000)
 Metaspace       used 34255K, capacity 35344K, committed 35496K, reserved 1079296K
  class space    used 4679K, capacity 4937K, committed 5032K, reserved 1048576K
Event: 6.646 GC heap after
Heap after GC invocations=9 (full 2):
 PSYoungGen      total 132096K, used 0K [0x00000000d5580000, 0x00000000e4580000, 0x0000000100000000)
  eden space 116736K, 0% used [0x00000000d5580000,0x00000000d5580000,0x00000000dc780000)
  from space 15360K, 0% used [0x00000000dc780000,0x00000000dc780000,0x00000000dd680000)
  to   space 14336K, 0% used [0x00000000e3780000,0x00000000e3780000,0x00000000e4580000)
 ParOldGen       total 74752K, used 14484K [0x0000000080000000, 0x0000000084900000, 0x00000000d5580000)
  object space 74752K, 19% used [0x0000000080000000,0x0000000080e25140,0x0000000084900000)
 Metaspace       used 34255K, capacity 35344K, committed 35496K, reserved 1079296K
  class space    used 4679K, capacity 4937K, committed 5032K, reserved 1048576K
}
Event: 8.048 GC heap before
{Heap before GC invocations=10 (full 2):
 PSYoungGen      total 132096K, used 116736K [0x00000000d5580000, 0x00000000e4580000, 0x0000000100000000)
  eden space 116736K, 100% used [0x00000000d5580000,0x00000000dc780000,0x00000000dc780000)
  from space 15360K, 0% used [0x00000000dc780000,0x00000000dc780000,0x00000000dd680000)
  to   space 14336K, 0% used [0x00000000e3780000,0x00000000e3780000,0x00000000e4580000)
 ParOldGen       total 74752K, used 14484K [0x0000000080000000, 0x0000000084900000, 0x00000000d5580000)
  object space 74752K, 19% used [0x0000000080000000,0x0000000080e25140,0x0000000084900000)
 Metaspace       used 38801K, capacity 40450K, committed 40488K, reserved 1083392K
  class space    used 5315K, capacity 5639K, committed 5672K, reserved 1048576K
Event: 8.062 GC heap after
Heap after GC invocations=10 (full 2):
 PSYoungGen      total 198144K, used 8783K [0x00000000d5580000, 0x00000000e4080000, 0x0000000100000000)
  eden space 188928K, 0% used [0x00000000d5580000,0x00000000d5580000,0x00000000e0e00000)
  from space 9216K, 95% used [0x00000000e3780000,0x00000000e4013f18,0x00000000e4080000)
  to   space 14336K, 0% used [0x00000000e2480000,0x00000000e2480000,0x00000000e3280000)
 ParOldGen       total 74752K, used 14492K [0x0000000080000000, 0x0000000084900000, 0x00000000d5580000)
  object space 74752K, 19% used [0x0000000080000000,0x0000000080e27140,0x0000000084900000)
 Metaspace       used 38801K, capacity 40450K, committed 40488K, reserved 1083392K
  class space    used 5315K, capacity 5639K, committed 5672K, reserved 1048576K
}
Event: 11.007 GC heap before
{Heap before GC invocations=11 (full 2):
 PSYoungGen      total 198144K, used 188779K [0x00000000d5580000, 0x00000000e4080000, 0x0000000100000000)
  eden space 188928K, 95% used [0x00000000d5580000,0x00000000e0546e68,0x00000000e0e00000)
  from space 9216K, 95% used [0x00000000e3780000,0x00000000e4013f18,0x00000000e4080000)
  to   space 14336K, 0% used [0x00000000e2480000,0x00000000e2480000,0x00000000e3280000)
 ParOldGen       total 74752K, used 14492K [0x0000000080000000, 0x0000000084900000, 0x00000000d5580000)
  object space 74752K, 19% used [0x0000000080000000,0x0000000080e27140,0x0000000084900000)
 Metaspace       used 55752K, capacity 57916K, committed 58024K, reserved 1103872K
  class space    used 7581K, capacity 8031K, committed 8104K, reserved 1048576K
Event: 11.060 GC heap after
Heap after GC invocations=11 (full 2):
 PSYoungGen      total 203264K, used 14332K [0x00000000d5580000, 0x00000000e4080000, 0x0000000100000000)
  eden space 188928K, 0% used [0x00000000d5580000,0x00000000d5580000,0x00000000e0e00000)
  from space 14336K, 99% used [0x00000000e2480000,0x00000000e327f320,0x00000000e3280000)
  to   space 9216K, 0% used [0x00000000e3780000,0x00000000e3780000,0x00000000e4080000)
 ParOldGen       total 74752K, used 27787K [0x0000000080000000, 0x0000000084900000, 0x00000000d5580000)
  object space 74752K, 37% used [0x0000000080000000,0x0000000081b22fb8,0x0000000084900000)
 Metaspace       used 55752K, capacity 57916K, committed 58024K, reserved 1103872K
  class space    used 7581K, capacity 8031K, committed 8104K, reserved 1048576K
}
Event: 11.060 GC heap before
{Heap before GC invocations=12 (full 3):
 PSYoungGen      total 203264K, used 14332K [0x00000000d5580000, 0x00000000e4080000, 0x0000000100000000)
  eden space 188928K, 0% used [0x00000000d5580000,0x00000000d5580000,0x00000000e0e00000)
  from space 14336K, 99% used [0x00000000e2480000,0x00000000e327f320,0x00000000e3280000)
  to   space 9216K, 0% used [0x00000000e3780000,0x00000000e3780000,0x00000000e4080000)
 ParOldGen       total 74752K, used 27787K [0x0000000080000000, 0x0000000084900000, 0x00000000d5580000)
  object space 74752K, 37% used [0x0000000080000000,0x0000000081b22fb8,0x0000000084900000)
 Metaspace       used 55752K, capacity 57916K, committed 58024K, reserved 1103872K
  class space    used 7581K, capacity 8031K, committed 8104K, reserved 1048576K
Event: 11.333 GC heap after
Heap after GC invocations=12 (full 3):
 PSYoungGen      total 203264K, used 0K [0x00000000d5580000, 0x00000000e4080000, 0x0000000100000000)
  eden space 188928K, 0% used [0x00000000d5580000,0x00000000d5580000,0x00000000e0e00000)
  from space 14336K, 0% used [0x00000000e2480000,0x00000000e2480000,0x00000000e3280000)
  to   space 9216K, 0% used [0x00000000e3780000,0x00000000e3780000,0x00000000e4080000)
 ParOldGen       total 74752K, used 39378K [0x0000000080000000, 0x0000000084900000, 0x00000000d5580000)
  object space 74752K, 52% used [0x0000000080000000,0x0000000082674be8,0x0000000084900000)
 Metaspace       used 55737K, capacity 57868K, committed 58024K, reserved 1101824K
  class space    used 7577K, capacity 8023K, committed 8104K, reserved 1048576K
}

