# JRE version: OpenJDK Runtime Environment (8.0_242-b01) (build 1.8.0_242-release-1644-b01)
# Java VM: OpenJDK 64-Bit Server VM (25.242-b01 mixed mode windows-amd64 compressed oops)
Heap:
 PSYoungGen      total 413696K, used 72932K [0x00000000d5580000, 0x00000000f0a00000, 0x0000000100000000)
  eden space 399360K, 14% used [0x00000000d5580000,0x00000000d8eba5b8,0x00000000edb80000)
  from space 14336K, 99% used [0x00000000efc00000,0x00000000f09febd0,0x00000000f0a00000)
  to   space 18944K, 0% used [0x00000000ee500000,0x00000000ee500000,0x00000000ef780000)
 ParOldGen       total 71168K, used 20049K [0x0000000080000000, 0x0000000084580000, 0x00000000d5580000)
  object space 71168K, 28% used [0x0000000080000000,0x00000000813944f8,0x0000000084580000)
 Metaspace       used 50986K, capacity 52950K, committed 53032K, reserved 1095680K
  class space    used 6805K, capacity 7199K, committed 7208K, reserved 1048576K
GC Heap History (10 events):
Event: 5.773 GC heap before
{Heap before GC invocations=6 (full 1):
 PSYoungGen      total 132096K, used 5108K [0x00000000d5580000, 0x00000000e6580000, 0x0000000100000000)
  eden space 126976K, 0% used [0x00000000d5580000,0x00000000d5580000,0x00000000dd180000)
  from space 5120K, 99% used [0x00000000dd180000,0x00000000dd67d060,0x00000000dd680000)
  to   space 12288K, 0% used [0x00000000e5980000,0x00000000e5980000,0x00000000e6580000)
 ParOldGen       total 84992K, used 10825K [0x0000000080000000, 0x0000000085300000, 0x00000000d5580000)
  object space 84992K, 12% used [0x0000000080000000,0x0000000080a926a8,0x0000000085300000)
 Metaspace       used 20585K, capacity 21224K, committed 21296K, reserved 1067008K
  class space    used 2873K, capacity 3076K, committed 3120K, reserved 1048576K
Event: 5.824 GC heap after
Heap after GC invocations=6 (full 1):
 PSYoungGen      total 132096K, used 0K [0x00000000d5580000, 0x00000000e6580000, 0x0000000100000000)
  eden space 126976K, 0% used [0x00000000d5580000,0x00000000d5580000,0x00000000dd180000)
  from space 5120K, 0% used [0x00000000dd180000,0x00000000dd180000,0x00000000dd680000)
  to   space 12288K, 0% used [0x00000000e5980000,0x00000000e5980000,0x00000000e6580000)
 ParOldGen       total 52224K, used 7627K [0x0000000080000000, 0x0000000083300000, 0x00000000d5580000)
  object space 52224K, 14% used [0x0000000080000000,0x0000000080772da8,0x0000000083300000)
 Metaspace       used 20585K, capacity 21224K, committed 21296K, reserved 1067008K
  class space    used 2873K, capacity 3076K, committed 3120K, reserved 1048576K
}
Event: 8.508 GC heap before
{Heap before GC invocations=7 (full 1):
 PSYoungGen      total 132096K, used 126976K [0x00000000d5580000, 0x00000000e6580000, 0x0000000100000000)
  eden space 126976K, 100% used [0x00000000d5580000,0x00000000dd180000,0x00000000dd180000)
  from space 5120K, 0% used [0x00000000dd180000,0x00000000dd180000,0x00000000dd680000)
  to   space 12288K, 0% used [0x00000000e5980000,0x00000000e5980000,0x00000000e6580000)
 ParOldGen       total 52224K, used 7627K [0x0000000080000000, 0x0000000083300000, 0x00000000d5580000)
  object space 52224K, 14% used [0x0000000080000000,0x0000000080772da8,0x0000000083300000)
 Metaspace       used 32833K, capacity 33828K, committed 33968K, reserved 1079296K
  class space    used 4450K, capacity 4718K, committed 4784K, reserved 1048576K
Event: 8.535 GC heap after
Heap after GC invocations=7 (full 1):
 PSYoungGen      total 239104K, used 12271K [0x00000000d5580000, 0x00000000e6580000, 0x0000000100000000)
  eden space 226816K, 0% used [0x00000000d5580000,0x00000000d5580000,0x00000000e3300000)
  from space 12288K, 99% used [0x00000000e5980000,0x00000000e657bfd8,0x00000000e6580000)
  to   space 15360K, 0% used [0x00000000e4780000,0x00000000e4780000,0x00000000e5680000)
 ParOldGen       total 52224K, used 9252K [0x0000000080000000, 0x0000000083300000, 0x00000000d5580000)
  object space 52224K, 17% used [0x0000000080000000,0x00000000809093c8,0x0000000083300000)
 Metaspace       used 32833K, capacity 33828K, committed 33968K, reserved 1079296K
  class space    used 4450K, capacity 4718K, committed 4784K, reserved 1048576K
}
Event: 9.037 GC heap before
{Heap before GC invocations=8 (full 1):
 PSYoungGen      total 239104K, used 44482K [0x00000000d5580000, 0x00000000e6580000, 0x0000000100000000)
  eden space 226816K, 14% used [0x00000000d5580000,0x00000000d74f4c00,0x00000000e3300000)
  from space 12288K, 99% used [0x00000000e5980000,0x00000000e657bfd8,0x00000000e6580000)
  to   space 15360K, 0% used [0x00000000e4780000,0x00000000e4780000,0x00000000e5680000)
 ParOldGen       total 52224K, used 9252K [0x0000000080000000, 0x0000000083300000, 0x00000000d5580000)
  object space 52224K, 17% used [0x0000000080000000,0x00000000809093c8,0x0000000083300000)
 Metaspace       used 34246K, capacity 35348K, committed 35496K, reserved 1079296K
  class space    used 4680K, capacity 4937K, committed 5032K, reserved 1048576K
Event: 9.089 GC heap after
Heap after GC invocations=8 (full 1):
 PSYoungGen      total 263168K, used 7974K [0x00000000d5580000, 0x00000000f0a00000, 0x0000000100000000)
  eden space 247808K, 0% used [0x00000000d5580000,0x00000000d5580000,0x00000000e4780000)
  from space 15360K, 51% used [0x00000000e4780000,0x00000000e4f49b38,0x00000000e5680000)
  to   space 14336K, 0% used [0x00000000efc00000,0x00000000efc00000,0x00000000f0a00000)
 ParOldGen       total 52224K, used 9260K [0x0000000080000000, 0x0000000083300000, 0x00000000d5580000)
  object space 52224K, 17% used [0x0000000080000000,0x000000008090b3c8,0x0000000083300000)
 Metaspace       used 34246K, capacity 35348K, committed 35496K, reserved 1079296K
  class space    used 4680K, capacity 4937K, committed 5032K, reserved 1048576K
}
Event: 9.089 GC heap before
{Heap before GC invocations=9 (full 2):
 PSYoungGen      total 263168K, used 7974K [0x00000000d5580000, 0x00000000f0a00000, 0x0000000100000000)
  eden space 247808K, 0% used [0x00000000d5580000,0x00000000d5580000,0x00000000e4780000)
  from space 15360K, 51% used [0x00000000e4780000,0x00000000e4f49b38,0x00000000e5680000)
  to   space 14336K, 0% used [0x00000000efc00000,0x00000000efc00000,0x00000000f0a00000)
 ParOldGen       total 52224K, used 9260K [0x0000000080000000, 0x0000000083300000, 0x00000000d5580000)
  object space 52224K, 17% used [0x0000000080000000,0x000000008090b3c8,0x0000000083300000)
 Metaspace       used 34246K, capacity 35348K, committed 35496K, reserved 1079296K
  class space    used 4680K, capacity 4937K, committed 5032K, reserved 1048576K
Event: 9.220 GC heap after
Heap after GC invocations=9 (full 2):
 PSYoungGen      total 263168K, used 0K [0x00000000d5580000, 0x00000000f0a00000, 0x0000000100000000)
  eden space 247808K, 0% used [0x00000000d5580000,0x00000000d5580000,0x00000000e4780000)
  from space 15360K, 0% used [0x00000000e4780000,0x00000000e4780000,0x00000000e5680000)
  to   space 14336K, 0% used [0x00000000efc00000,0x00000000efc00000,0x00000000f0a00000)
 ParOldGen       total 71168K, used 14395K [0x0000000080000000, 0x0000000084580000, 0x00000000d5580000)
  object space 71168K, 20% used [0x0000000080000000,0x0000000080e0ee88,0x0000000084580000)
 Metaspace       used 34246K, capacity 35348K, committed 35496K, reserved 1079296K
  class space    used 4680K, capacity 4937K, committed 5032K, reserved 1048576K
}
Event: 14.439 GC heap before
{Heap before GC invocations=10 (full 2):
 PSYoungGen      total 263168K, used 247808K [0x00000000d5580000, 0x00000000f0a00000, 0x0000000100000000)
  eden space 247808K, 100% used [0x00000000d5580000,0x00000000e4780000,0x00000000e4780000)
  from space 15360K, 0% used [0x00000000e4780000,0x00000000e4780000,0x00000000e5680000)
  to   space 14336K, 0% used [0x00000000efc00000,0x00000000efc00000,0x00000000f0a00000)
 ParOldGen       total 71168K, used 14395K [0x0000000080000000, 0x0000000084580000, 0x00000000d5580000)
  object space 71168K, 20% used [0x0000000080000000,0x0000000080e0ee88,0x0000000084580000)
 Metaspace       used 47724K, capacity 49562K, committed 49832K, reserved 1091584K
  class space    used 6422K, capacity 6781K, committed 6824K, reserved 1048576K
Event: 14.476 GC heap after
Heap after GC invocations=10 (full 2):
 PSYoungGen      total 413696K, used 14330K [0x00000000d5580000, 0x00000000f0a00000, 0x0000000100000000)
  eden space 399360K, 0% used [0x00000000d5580000,0x00000000d5580000,0x00000000edb80000)
  from space 14336K, 99% used [0x00000000efc00000,0x00000000f09febd0,0x00000000f0a00000)
  to   space 18944K, 0% used [0x00000000ee500000,0x00000000ee500000,0x00000000ef780000)
 ParOldGen       total 71168K, used 20049K [0x0000000080000000, 0x0000000084580000, 0x00000000d5580000)
  object space 71168K, 28% used [0x0000000080000000,0x00000000813944f8,0x0000000084580000)
 Metaspace       used 47724K, capacity 49562K, committed 49832K, reserved 1091584K
  class space    used 6422K, capacity 6781K, committed 6824K, reserved 1048576K
}

