# JRE version: OpenJDK Runtime Environment (8.0_242-b01) (build 1.8.0_242-release-1644-b01)
# Java VM: OpenJDK 64-Bit Server VM (25.242-b01 mixed mode windows-amd64 compressed oops)
Heap:
 PSYoungGen      total 452608K, used 335558K [0x00000000d5580000, 0x00000000f8a00000, 0x0000000100000000)
  eden space 432640K, 77% used [0x00000000d5580000,0x00000000e9d31930,0x00000000efc00000)
  from space 19968K, 0% used [0x00000000efc00000,0x00000000efc00000,0x00000000f0f80000)
  to   space 24064K, 0% used [0x00000000f7280000,0x00000000f7280000,0x00000000f8a00000)
 ParOldGen       total 107008K, used 34316K [0x0000000080000000, 0x0000000086880000, 0x00000000d5580000)
  object space 107008K, 32% used [0x0000000080000000,0x0000000082183250,0x0000000086880000)
 Metaspace       used 70168K, capacity 73378K, committed 73624K, reserved 1112064K
  class space    used 9427K, capacity 10040K, committed 10152K, reserved 1048576K
GC Heap History (10 events):
Event: 9.474 GC heap before
{Heap before GC invocations=8 (full 1):
 PSYoungGen      total 246784K, used 44818K [0x00000000d5580000, 0x00000000e6580000, 0x0000000100000000)
  eden space 234496K, 13% used [0x00000000d5580000,0x00000000d754c548,0x00000000e3a80000)
  from space 12288K, 99% used [0x00000000e5980000,0x00000000e65785a8,0x00000000e6580000)
  to   space 15360K, 0% used [0x00000000e4780000,0x00000000e4780000,0x00000000e5680000)
 ParOldGen       total 50688K, used 9344K [0x0000000080000000, 0x0000000083180000, 0x00000000d5580000)
  object space 50688K, 18% used [0x0000000080000000,0x00000000809203f0,0x0000000083180000)
 Metaspace       used 34249K, capacity 35380K, committed 35496K, reserved 1079296K
  class space    used 4688K, capacity 4969K, committed 5032K, reserved 1048576K
Event: 9.511 GC heap after
Heap after GC invocations=8 (full 1):
 PSYoungGen      total 263168K, used 7939K [0x00000000d5580000, 0x00000000f2300000, 0x0000000100000000)
  eden space 247808K, 0% used [0x00000000d5580000,0x00000000d5580000,0x00000000e4780000)
  from space 15360K, 51% used [0x00000000e4780000,0x00000000e4f40f50,0x00000000e5680000)
  to   space 14336K, 0% used [0x00000000f1500000,0x00000000f1500000,0x00000000f2300000)
 ParOldGen       total 50688K, used 9352K [0x0000000080000000, 0x0000000083180000, 0x00000000d5580000)
  object space 50688K, 18% used [0x0000000080000000,0x00000000809223f0,0x0000000083180000)
 Metaspace       used 34249K, capacity 35380K, committed 35496K, reserved 1079296K
  class space    used 4688K, capacity 4969K, committed 5032K, reserved 1048576K
}
Event: 9.511 GC heap before
{Heap before GC invocations=9 (full 2):
 PSYoungGen      total 263168K, used 7939K [0x00000000d5580000, 0x00000000f2300000, 0x0000000100000000)
  eden space 247808K, 0% used [0x00000000d5580000,0x00000000d5580000,0x00000000e4780000)
  from space 15360K, 51% used [0x00000000e4780000,0x00000000e4f40f50,0x00000000e5680000)
  to   space 14336K, 0% used [0x00000000f1500000,0x00000000f1500000,0x00000000f2300000)
 ParOldGen       total 50688K, used 9352K [0x0000000080000000, 0x0000000083180000, 0x00000000d5580000)
  object space 50688K, 18% used [0x0000000080000000,0x00000000809223f0,0x0000000083180000)
 Metaspace       used 34249K, capacity 35380K, committed 35496K, reserved 1079296K
  class space    used 4688K, capacity 4969K, committed 5032K, reserved 1048576K
Event: 9.635 GC heap after
Heap after GC invocations=9 (full 2):
 PSYoungGen      total 263168K, used 0K [0x00000000d5580000, 0x00000000f2300000, 0x0000000100000000)
  eden space 247808K, 0% used [0x00000000d5580000,0x00000000d5580000,0x00000000e4780000)
  from space 15360K, 0% used [0x00000000e4780000,0x00000000e4780000,0x00000000e5680000)
  to   space 14336K, 0% used [0x00000000f1500000,0x00000000f1500000,0x00000000f2300000)
 ParOldGen       total 69632K, used 14375K [0x0000000080000000, 0x0000000084400000, 0x00000000d5580000)
  object space 69632K, 20% used [0x0000000080000000,0x0000000080e09c88,0x0000000084400000)
 Metaspace       used 34249K, capacity 35380K, committed 35496K, reserved 1079296K
  class space    used 4688K, capacity 4969K, committed 5032K, reserved 1048576K
}
Event: 12.286 GC heap before
{Heap before GC invocations=10 (full 2):
 PSYoungGen      total 263168K, used 247808K [0x00000000d5580000, 0x00000000f2300000, 0x0000000100000000)
  eden space 247808K, 100% used [0x00000000d5580000,0x00000000e4780000,0x00000000e4780000)
  from space 15360K, 0% used [0x00000000e4780000,0x00000000e4780000,0x00000000e5680000)
  to   space 14336K, 0% used [0x00000000f1500000,0x00000000f1500000,0x00000000f2300000)
 ParOldGen       total 69632K, used 14375K [0x0000000080000000, 0x0000000084400000, 0x00000000d5580000)
  object space 69632K, 20% used [0x0000000080000000,0x0000000080e09c88,0x0000000084400000)
 Metaspace       used 48721K, capacity 50582K, committed 50728K, reserved 1093632K
  class space    used 6525K, capacity 6921K, committed 6952K, reserved 1048576K
Event: 12.307 GC heap after
Heap after GC invocations=10 (full 2):
 PSYoungGen      total 409600K, used 14319K [0x00000000d5580000, 0x00000000f2300000, 0x0000000100000000)
  eden space 395264K, 0% used [0x00000000d5580000,0x00000000d5580000,0x00000000ed780000)
  from space 14336K, 99% used [0x00000000f1500000,0x00000000f22fbd20,0x00000000f2300000)
  to   space 19968K, 0% used [0x00000000efc00000,0x00000000efc00000,0x00000000f0f80000)
 ParOldGen       total 69632K, used 22450K [0x0000000080000000, 0x0000000084400000, 0x00000000d5580000)
  object space 69632K, 32% used [0x0000000080000000,0x00000000815ec8e8,0x0000000084400000)
 Metaspace       used 48721K, capacity 50582K, committed 50728K, reserved 1093632K
  class space    used 6525K, capacity 6921K, committed 6952K, reserved 1048576K
}
Event: 13.623 GC heap before
{Heap before GC invocations=11 (full 2):
 PSYoungGen      total 409600K, used 118420K [0x00000000d5580000, 0x00000000f2300000, 0x0000000100000000)
  eden space 395264K, 26% used [0x00000000d5580000,0x00000000dbb29318,0x00000000ed780000)
  from space 14336K, 99% used [0x00000000f1500000,0x00000000f22fbd20,0x00000000f2300000)
  to   space 19968K, 0% used [0x00000000efc00000,0x00000000efc00000,0x00000000f0f80000)
 ParOldGen       total 69632K, used 22450K [0x0000000080000000, 0x0000000084400000, 0x00000000d5580000)
  object space 69632K, 32% used [0x0000000080000000,0x00000000815ec8e8,0x0000000084400000)
 Metaspace       used 56885K, capacity 59138K, committed 59160K, reserved 1099776K
  class space    used 7752K, capacity 8222K, committed 8232K, reserved 1048576K
Event: 13.652 GC heap after
Heap after GC invocations=11 (full 2):
 PSYoungGen      total 452608K, used 19943K [0x00000000d5580000, 0x00000000f8a00000, 0x0000000100000000)
  eden space 432640K, 0% used [0x00000000d5580000,0x00000000d5580000,0x00000000efc00000)
  from space 19968K, 99% used [0x00000000efc00000,0x00000000f0f79d18,0x00000000f0f80000)
  to   space 24064K, 0% used [0x00000000f7280000,0x00000000f7280000,0x00000000f8a00000)
 ParOldGen       total 69632K, used 24904K [0x0000000080000000, 0x0000000084400000, 0x00000000d5580000)
  object space 69632K, 35% used [0x0000000080000000,0x00000000818521e8,0x0000000084400000)
 Metaspace       used 56885K, capacity 59138K, committed 59160K, reserved 1099776K
  class space    used 7752K, capacity 8222K, committed 8232K, reserved 1048576K
}
Event: 13.652 GC heap before
{Heap before GC invocations=12 (full 3):
 PSYoungGen      total 452608K, used 19943K [0x00000000d5580000, 0x00000000f8a00000, 0x0000000100000000)
  eden space 432640K, 0% used [0x00000000d5580000,0x00000000d5580000,0x00000000efc00000)
  from space 19968K, 99% used [0x00000000efc00000,0x00000000f0f79d18,0x00000000f0f80000)
  to   space 24064K, 0% used [0x00000000f7280000,0x00000000f7280000,0x00000000f8a00000)
 ParOldGen       total 69632K, used 24904K [0x0000000080000000, 0x0000000084400000, 0x00000000d5580000)
  object space 69632K, 35% used [0x0000000080000000,0x00000000818521e8,0x0000000084400000)
 Metaspace       used 56885K, capacity 59138K, committed 59160K, reserved 1099776K
  class space    used 7752K, capacity 8222K, committed 8232K, reserved 1048576K
Event: 13.915 GC heap after
Heap after GC invocations=12 (full 3):
 PSYoungGen      total 452608K, used 0K [0x00000000d5580000, 0x00000000f8a00000, 0x0000000100000000)
  eden space 432640K, 0% used [0x00000000d5580000,0x00000000d5580000,0x00000000efc00000)
  from space 19968K, 0% used [0x00000000efc00000,0x00000000efc00000,0x00000000f0f80000)
  to   space 24064K, 0% used [0x00000000f7280000,0x00000000f7280000,0x00000000f8a00000)
 ParOldGen       total 107008K, used 34316K [0x0000000080000000, 0x0000000086880000, 0x00000000d5580000)
  object space 107008K, 32% used [0x0000000080000000,0x0000000082183250,0x0000000086880000)
 Metaspace       used 56862K, capacity 59060K, committed 59160K, reserved 1099776K
  class space    used 7745K, capacity 8209K, committed 8232K, reserved 1048576K
}

